This file contains any messages produced by compilers while
running configure, to aid debugging if configure makes a mistake.

It was created by Ipopt configure 3.12.6, which was
generated by GNU Autoconf 2.59.  Invocation command line was

  $ ./configure --prefix=/Users/yukai/Documents/Capstone/c3toc4_models-new/CoinIpopt --cache-file=/dev/null --srcdir=.

## --------- ##
## Platform. ##
## --------- ##

hostname = 185-250.priv23.nus.edu.sg
uname -m = x86_64
uname -r = 15.6.0
uname -s = Darwin
uname -v = Darwin Kernel Version 15.6.0: Thu Jun 23 18:25:34 PDT 2016; root:xnu-3248.60.10~1/RELEASE_X86_64

/usr/bin/uname -p = i386
/bin/uname -X     = unknown

/bin/arch              = unknown
/usr/bin/arch -k       = unknown
/usr/convex/getsysinfo = unknown
hostinfo               = Mach kernel version:
	 Darwin Kernel Version 15.6.0: Thu Jun 23 18:25:34 PDT 2016; root:xnu-3248.60.10~1/RELEASE_X86_64
Kernel configured for up to 4 processors.
2 processors are physically available.
4 processors are logically available.
Processor type: x86_64h (Intel x86-64h Haswell)
Processors active: 0 1 2 3
Primary memory available: 8.00 gigabytes
Default processor set: 304 tasks, 2680 threads, 4 processors
Load average: 3.24, Mach factor: 1.49
/bin/machine           = unknown
/usr/bin/oslevel       = unknown
/bin/universe          = unknown

PATH: /Users/yukai/anaconda2/bin
PATH: /usr/local/bin
PATH: /usr/bin
PATH: /bin
PATH: /usr/sbin
PATH: /sbin


## ----------- ##
## Core tests. ##
## ----------- ##

configure:1715: checking build system type
configure:1733: result: i386-apple-darwin15.6.0
configure:1806: checking for svnversion
configure:1822: found /usr/bin/svnversion
configure:1833: result: yes
configure:1863: checking whether we want to compile in debug mode
configure:1909: result: no
configure:1966: checking for egrep
configure:1976: result: grep -E
configure:1981: checking whether ln -s works
configure:1985: result: yes
configure:2201: checking for clang
configure:2217: found /usr/bin/clang
configure:2227: result: clang
configure:2248: checking for C compiler version
configure:2251: clang --version </dev/null >&5
Apple LLVM version 8.0.0 (clang-800.0.38)
Target: x86_64-apple-darwin15.6.0
Thread model: posix
InstalledDir: /Applications/Xcode.app/Contents/Developer/Toolchains/XcodeDefault.xctoolchain/usr/bin
configure:2254: $? = 0
configure:2256: clang -v </dev/null >&5
Apple LLVM version 8.0.0 (clang-800.0.38)
Target: x86_64-apple-darwin15.6.0
Thread model: posix
InstalledDir: /Applications/Xcode.app/Contents/Developer/Toolchains/XcodeDefault.xctoolchain/usr/bin
configure:2259: $? = 0
configure:2261: clang -V </dev/null >&5
clang: error: argument to '-V' is missing (expected 1 value)
clang: error: no input files
configure:2264: $? = 1
configure:2287: checking for C compiler default output file name
configure:2290: clang    conftest.c  >&5
configure:2293: $? = 0
configure:2339: result: a.out
configure:2344: checking whether the C compiler works
configure:2350: ./a.out
configure:2353: $? = 0
configure:2370: result: yes
configure:2377: checking whether we are cross compiling
configure:2379: result: no
configure:2382: checking for suffix of executables
configure:2384: clang -o conftest    conftest.c  >&5
configure:2387: $? = 0
configure:2412: result: 
configure:2418: checking for suffix of object files
configure:2439: clang -c   conftest.c >&5
configure:2442: $? = 0
configure:2464: result: o
configure:2468: checking whether we are using the GNU C compiler
configure:2492: clang -c   conftest.c >&5
configure:2498: $? = 0
configure:2502: test -z 
			 || test ! -s conftest.err
configure:2505: $? = 0
configure:2508: test -s conftest.o
configure:2511: $? = 0
configure:2524: result: yes
configure:2530: checking whether clang accepts -g
configure:2551: clang -c -g  conftest.c >&5
configure:2557: $? = 0
configure:2561: test -z 
			 || test ! -s conftest.err
configure:2564: $? = 0
configure:2567: test -s conftest.o
configure:2570: $? = 0
configure:2581: result: yes
configure:2598: checking for clang option to accept ANSI C
configure:2668: clang  -c -g -O2  conftest.c >&5
configure:2674: $? = 0
configure:2678: test -z 
			 || test ! -s conftest.err
configure:2681: $? = 0
configure:2684: test -s conftest.o
configure:2687: $? = 0
configure:2705: result: none needed
configure:2723: clang -c -g -O2  conftest.c >&5
conftest.c:2:3: error: unknown type name 'choke'
  choke me
  ^
conftest.c:2:11: error: expected ';' after top level declarator
  choke me
          ^
          ;
2 errors generated.
configure:2729: $? = 1
configure: failed program was:
| #ifndef __cplusplus
|   choke me
| #endif
configure:3157: clang -o conftest -O3 -pipe -DNDEBUG -Wimplicit -Wparentheses -Wsequence-point -Wreturn-type -Wcast-qual -Wall -Wno-unknown-pragmas -Wno-long-long   -DIPOPT_BUILD   conftest.c  >&5
configure:3163: $? = 0
configure:3167: test -z 
			 || test ! -s conftest.err
configure:3170: $? = 0
configure:3173: test -s conftest
configure:3176: $? = 0
configure:3243: C compiler options are: -O3 -pipe -DNDEBUG -Wimplicit -Wparentheses -Wsequence-point -Wreturn-type -Wcast-qual -Wall -Wno-unknown-pragmas -Wno-long-long   -DIPOPT_BUILD
configure:3360: checking for clang++
configure:3376: found /usr/bin/clang++
configure:3386: result: clang++
configure:3402: checking for C++ compiler version
configure:3405: clang++ --version </dev/null >&5
Apple LLVM version 8.0.0 (clang-800.0.38)
Target: x86_64-apple-darwin15.6.0
Thread model: posix
InstalledDir: /Applications/Xcode.app/Contents/Developer/Toolchains/XcodeDefault.xctoolchain/usr/bin
configure:3408: $? = 0
configure:3410: clang++ -v </dev/null >&5
Apple LLVM version 8.0.0 (clang-800.0.38)
Target: x86_64-apple-darwin15.6.0
Thread model: posix
InstalledDir: /Applications/Xcode.app/Contents/Developer/Toolchains/XcodeDefault.xctoolchain/usr/bin
configure:3413: $? = 0
configure:3415: clang++ -V </dev/null >&5
clang: error: argument to '-V' is missing (expected 1 value)
clang: error: no input files
configure:3418: $? = 1
configure:3421: checking whether we are using the GNU C++ compiler
configure:3445: clang++ -c   conftest.cc >&5
configure:3451: $? = 0
configure:3455: test -z 
			 || test ! -s conftest.err
configure:3458: $? = 0
configure:3461: test -s conftest.o
configure:3464: $? = 0
configure:3477: result: yes
configure:3483: checking whether clang++ accepts -g
configure:3504: clang++ -c -g  conftest.cc >&5
configure:3510: $? = 0
configure:3514: test -z 
			 || test ! -s conftest.err
configure:3517: $? = 0
configure:3520: test -s conftest.o
configure:3523: $? = 0
configure:3534: result: yes
configure:3576: clang++ -c -g -O2  conftest.cc >&5
configure:3582: $? = 0
configure:3586: test -z 
			 || test ! -s conftest.err
configure:3589: $? = 0
configure:3592: test -s conftest.o
configure:3595: $? = 0
configure:3621: clang++ -c -g -O2  conftest.cc >&5
conftest.cc:19:1: error: use of undeclared identifier 'exit'
exit (42);
^
1 error generated.
configure:3627: $? = 1
configure: failed program was:
| /* confdefs.h.  */
| 
| #define PACKAGE_NAME "Ipopt"
| #define PACKAGE_TARNAME "ipopt"
| #define PACKAGE_VERSION "3.12.6"
| #define PACKAGE_STRING "Ipopt 3.12.6"
| #define PACKAGE_BUGREPORT "http://projects.coin-or.org/Ipopt/newticket"
| #define IPOPT_VERSION "3.12.6"
| #define IPOPT_VERSION_MAJOR 3
| #define IPOPT_VERSION_MINOR 12
| #define IPOPT_VERSION_RELEASE 6
| #define COIN_IPOPT_VERBOSITY 0
| #define COIN_IPOPT_CHECKLEVEL 0
| /* end confdefs.h.  */
| 
| int
| main ()
| {
| exit (42);
|   ;
|   return 0;
| }
configure:3576: clang++ -c -g -O2  conftest.cc >&5
conftest.cc:15:17: error: use of undeclared identifier 'std'
extern "C" void std::exit (int) throw (); using std::exit;
                ^
conftest.cc:15:49: error: use of undeclared identifier 'std'
extern "C" void std::exit (int) throw (); using std::exit;
                                                ^
2 errors generated.
configure:3582: $? = 1
configure: failed program was:
| /* confdefs.h.  */
| 
| #define PACKAGE_NAME "Ipopt"
| #define PACKAGE_TARNAME "ipopt"
| #define PACKAGE_VERSION "3.12.6"
| #define PACKAGE_STRING "Ipopt 3.12.6"
| #define PACKAGE_BUGREPORT "http://projects.coin-or.org/Ipopt/newticket"
| #define IPOPT_VERSION "3.12.6"
| #define IPOPT_VERSION_MAJOR 3
| #define IPOPT_VERSION_MINOR 12
| #define IPOPT_VERSION_RELEASE 6
| #define COIN_IPOPT_VERBOSITY 0
| #define COIN_IPOPT_CHECKLEVEL 0
| /* end confdefs.h.  */
| extern "C" void std::exit (int) throw (); using std::exit;
| #include <stdlib.h>
| int
| main ()
| {
| exit (42);
|   ;
|   return 0;
| }
configure:3576: clang++ -c -g -O2  conftest.cc >&5
conftest.cc:15:17: error: use of undeclared identifier 'std'
extern "C" void std::exit (int); using std::exit;
                ^
conftest.cc:15:40: error: use of undeclared identifier 'std'
extern "C" void std::exit (int); using std::exit;
                                       ^
2 errors generated.
configure:3582: $? = 1
configure: failed program was:
| /* confdefs.h.  */
| 
| #define PACKAGE_NAME "Ipopt"
| #define PACKAGE_TARNAME "ipopt"
| #define PACKAGE_VERSION "3.12.6"
| #define PACKAGE_STRING "Ipopt 3.12.6"
| #define PACKAGE_BUGREPORT "http://projects.coin-or.org/Ipopt/newticket"
| #define IPOPT_VERSION "3.12.6"
| #define IPOPT_VERSION_MAJOR 3
| #define IPOPT_VERSION_MINOR 12
| #define IPOPT_VERSION_RELEASE 6
| #define COIN_IPOPT_VERBOSITY 0
| #define COIN_IPOPT_CHECKLEVEL 0
| /* end confdefs.h.  */
| extern "C" void std::exit (int); using std::exit;
| #include <stdlib.h>
| int
| main ()
| {
| exit (42);
|   ;
|   return 0;
| }
configure:3576: clang++ -c -g -O2  conftest.cc >&5
In file included from conftest.cc:16:
/usr/include/stdlib.h:142:7: error: 'exit' is missing exception specification 'throw()'
void     exit(int) __dead2;
         ^
conftest.cc:15:17: note: previous declaration is here
extern "C" void exit (int) throw ();
                ^
1 error generated.
configure:3582: $? = 1
configure: failed program was:
| /* confdefs.h.  */
| 
| #define PACKAGE_NAME "Ipopt"
| #define PACKAGE_TARNAME "ipopt"
| #define PACKAGE_VERSION "3.12.6"
| #define PACKAGE_STRING "Ipopt 3.12.6"
| #define PACKAGE_BUGREPORT "http://projects.coin-or.org/Ipopt/newticket"
| #define IPOPT_VERSION "3.12.6"
| #define IPOPT_VERSION_MAJOR 3
| #define IPOPT_VERSION_MINOR 12
| #define IPOPT_VERSION_RELEASE 6
| #define COIN_IPOPT_VERBOSITY 0
| #define COIN_IPOPT_CHECKLEVEL 0
| /* end confdefs.h.  */
| extern "C" void exit (int) throw ();
| #include <stdlib.h>
| int
| main ()
| {
| exit (42);
|   ;
|   return 0;
| }
configure:3576: clang++ -c -g -O2  conftest.cc >&5
configure:3582: $? = 0
configure:3586: test -z 
			 || test ! -s conftest.err
configure:3589: $? = 0
configure:3592: test -s conftest.o
configure:3595: $? = 0
configure:3621: clang++ -c -g -O2  conftest.cc >&5
configure:3627: $? = 0
configure:3631: test -z 
			 || test ! -s conftest.err
configure:3634: $? = 0
configure:3637: test -s conftest.o
configure:3640: $? = 0
configure:3672: checking whether C++ compiler clang++ works
configure:3690: clang++ -c -g -O2  conftest.cc >&5
configure:3696: $? = 0
configure:3700: test -z 
			 || test ! -s conftest.err
configure:3703: $? = 0
configure:3706: test -s conftest.o
configure:3709: $? = 0
configure:3711: result: yes
configure:4039: clang++ -o conftest -O3 -pipe -DNDEBUG -Wparentheses -Wreturn-type -Wcast-qual -Wall -Wpointer-arith -Wwrite-strings -Wconversion -Wno-unknown-pragmas -Wno-long-long   -DIPOPT_BUILD   conftest.cc  >&5
configure:4045: $? = 0
configure:4049: test -z 
			 || test ! -s conftest.err
configure:4052: $? = 0
configure:4055: test -s conftest
configure:4058: $? = 0
configure:4125: C++ compiler options are: -O3 -pipe -DNDEBUG -Wparentheses -Wreturn-type -Wcast-qual -Wall -Wpointer-arith -Wwrite-strings -Wconversion -Wno-unknown-pragmas -Wno-long-long   -DIPOPT_BUILD
configure:4190: clang++ -c -O3 -pipe -DNDEBUG -Wparentheses -Wreturn-type -Wcast-qual -Wall -Wpointer-arith -Wwrite-strings -Wconversion -Wno-unknown-pragmas -Wno-long-long   -DIPOPT_BUILD  conftest.cc >&5
configure:4196: $? = 0
configure:4200: test -z 
			 || test ! -s conftest.err
configure:4203: $? = 0
configure:4206: test -s conftest.o
configure:4209: $? = 0
configure:4253: Assuming that CXXLIBS is "-lc++".
configure:4312: Trying to determine Fortran compiler name
configure:4361: checking for xlf_r
configure:4390: result: no
configure:4361: checking for fort77
configure:4390: result: no
configure:4361: checking for gfortran
configure:4377: found /usr/local/bin/gfortran
configure:4387: result: gfortran
configure:4495: checking for Fortran 77 compiler version
configure:4498: gfortran --version </dev/null >&5
GNU Fortran (Homebrew GCC 6.3.0_1) 6.3.0
Copyright (C) 2016 Free Software Foundation, Inc.
This is free software; see the source for copying conditions.  There is NO
warranty; not even for MERCHANTABILITY or FITNESS FOR A PARTICULAR PURPOSE.

configure:4501: $? = 0
configure:4503: gfortran -v </dev/null >&5
Using built-in specs.
COLLECT_GCC=gfortran
COLLECT_LTO_WRAPPER=/usr/local/Cellar/gcc/6.3.0_1/libexec/gcc/x86_64-apple-darwin15.6.0/6.3.0/lto-wrapper
Target: x86_64-apple-darwin15.6.0
Configured with: ../configure --build=x86_64-apple-darwin15.6.0 --prefix=/usr/local/Cellar/gcc/6.3.0_1 --libdir=/usr/local/Cellar/gcc/6.3.0_1/lib/gcc/6 --enable-languages=c,c++,objc,obj-c++,fortran --program-suffix=-6 --with-gmp=/usr/local/opt/gmp --with-mpfr=/usr/local/opt/mpfr --with-mpc=/usr/local/opt/libmpc --with-isl=/usr/local/opt/isl --with-system-zlib --enable-libstdcxx-time=yes --enable-stage1-checking --enable-checking=release --enable-lto --with-build-config=bootstrap-debug --disable-werror --with-pkgversion='Homebrew GCC 6.3.0_1' --with-bugurl=https://github.com/Homebrew/homebrew-core/issues --enable-plugin --disable-nls --enable-multilib
Thread model: posix
gcc version 6.3.0 (Homebrew GCC 6.3.0_1) 
configure:4506: $? = 0
configure:4508: gfortran -V </dev/null >&5
gfortran: error: unrecognized command line option '-V'
gfortran: fatal error: no input files
compilation terminated.
configure:4511: $? = 1
configure:4519: checking whether we are using the GNU Fortran 77 compiler
configure:4533: gfortran -c  conftest.F >&5
configure:4539: $? = 0
configure:4543: test -z 
			 || test ! -s conftest.err
configure:4546: $? = 0
configure:4549: test -s conftest.o
configure:4552: $? = 0
configure:4565: result: yes
configure:4571: checking whether gfortran accepts -g
configure:4583: gfortran -c -g conftest.f >&5
configure:4589: $? = 0
configure:4593: test -z 
			 || test ! -s conftest.err
configure:4596: $? = 0
configure:4599: test -s conftest.o
configure:4602: $? = 0
configure:4614: result: yes
configure:4849: gfortran -o conftest -O3 -pipe    conftest.f  >&5
configure:4855: $? = 0
configure:4859: test -z 
			 || test ! -s conftest.err
configure:4862: $? = 0
configure:4865: test -s conftest
configure:4868: $? = 0
configure:4926: Fortran compiler options are: -O3 -pipe  
configure:4973: checking how to get verbose linking output from gfortran
configure:4984: gfortran -c -O3 -pipe   conftest.f >&5
configure:4990: $? = 0
configure:4994: test -z 
			 || test ! -s conftest.err
configure:4997: $? = 0
configure:5000: test -s conftest.o
configure:5003: $? = 0
configure:5020: gfortran -o conftest -O3 -pipe   -v  conftest.f  >&5
Using built-in specs.
COLLECT_GCC=gfortran
COLLECT_LTO_WRAPPER=/usr/local/Cellar/gcc/6.3.0_1/libexec/gcc/x86_64-apple-darwin15.6.0/6.3.0/lto-wrapper
Target: x86_64-apple-darwin15.6.0
Configured with: ../configure --build=x86_64-apple-darwin15.6.0 --prefix=/usr/local/Cellar/gcc/6.3.0_1 --libdir=/usr/local/Cellar/gcc/6.3.0_1/lib/gcc/6 --enable-languages=c,c++,objc,obj-c++,fortran --program-suffix=-6 --with-gmp=/usr/local/opt/gmp --with-mpfr=/usr/local/opt/mpfr --with-mpc=/usr/local/opt/libmpc --with-isl=/usr/local/opt/isl --with-system-zlib --enable-libstdcxx-time=yes --enable-stage1-checking --enable-checking=release --enable-lto --with-build-config=bootstrap-debug --disable-werror --with-pkgversion='Homebrew GCC 6.3.0_1' --with-bugurl=https://github.com/Homebrew/homebrew-core/issues --enable-plugin --disable-nls --enable-multilib
Thread model: posix
gcc version 6.3.0 (Homebrew GCC 6.3.0_1) 
COLLECT_GCC_OPTIONS='-o' 'conftest' '-O3' '-pipe' '-v' '-mmacosx-version-min=10.11.6'  '-shared-libgcc' '-mtune=core2'
 /usr/local/Cellar/gcc/6.3.0_1/libexec/gcc/x86_64-apple-darwin15.6.0/6.3.0/f951 conftest.f -ffixed-form -fPIC -quiet -dumpbase conftest.f -mmacosx-version-min=10.11.6 -mtune=core2 -auxbase conftest -O3 -version -fintrinsic-modules-path /usr/local/Cellar/gcc/6.3.0_1/lib/gcc/6/gcc/x86_64-apple-darwin15.6.0/6.3.0/finclude -o - |
 as -arch x86_64 -v -force_cpusubtype_ALL -mmacosx-version-min=10.11 -o /var/folders/r6/f72gb7pn1_qg54pk05xl8y2w0000gn/T//cckGGxg7.o
GNU Fortran (Homebrew GCC 6.3.0_1) version 6.3.0 (x86_64-apple-darwin15.6.0)
	compiled by GNU C version 6.3.0, GMP version 6.1.2, MPFR version 3.1.5, MPC version 1.0.3, isl version 0.15
GGC heuristics: --param ggc-min-expand=100 --param ggc-min-heapsize=131072
GNU Fortran2008 (Homebrew GCC 6.3.0_1) version 6.3.0 (x86_64-apple-darwin15.6.0)
	compiled by GNU C version 6.3.0, GMP version 6.1.2, MPFR version 3.1.5, MPC version 1.0.3, isl version 0.15
GGC heuristics: --param ggc-min-expand=100 --param ggc-min-heapsize=131072
Apple LLVM version 8.0.0 (clang-800.0.38)
Target: x86_64-apple-darwin15.6.0
Thread model: posix
InstalledDir: /Applications/Xcode.app/Contents/Developer/Toolchains/XcodeDefault.xctoolchain/usr/bin
 "/Applications/Xcode.app/Contents/Developer/Toolchains/XcodeDefault.xctoolchain/usr/bin/clang" -cc1as -triple x86_64-apple-macosx10.11.0 -filetype obj -main-file-name - -target-cpu core2 -fdebug-compilation-dir /Users/yukai/Documents/Capstone/c3toc4_models-new/CoinIpopt/Ipopt -dwarf-debug-producer Apple LLVM version 8.0.0 (clang-800.0.38) -dwarf-version=2 -mrelocation-model pic -o /var/folders/r6/f72gb7pn1_qg54pk05xl8y2w0000gn/T//cckGGxg7.o -
Reading specs from /usr/local/Cellar/gcc/6.3.0_1/lib/gcc/6/gcc/x86_64-apple-darwin15.6.0/6.3.0/../../../libgfortran.spec
rename spec lib to liborig
COLLECT_GCC_OPTIONS='-o' 'conftest' '-O3' '-pipe' '-v' '-mmacosx-version-min=10.11.6'  '-shared-libgcc' '-mtune=core2'
COMPILER_PATH=/usr/local/Cellar/gcc/6.3.0_1/libexec/gcc/x86_64-apple-darwin15.6.0/6.3.0/:/usr/local/Cellar/gcc/6.3.0_1/libexec/gcc/x86_64-apple-darwin15.6.0/6.3.0/:/usr/local/Cellar/gcc/6.3.0_1/libexec/gcc/x86_64-apple-darwin15.6.0/:/usr/local/Cellar/gcc/6.3.0_1/lib/gcc/6/gcc/x86_64-apple-darwin15.6.0/6.3.0/:/usr/local/Cellar/gcc/6.3.0_1/lib/gcc/6/gcc/x86_64-apple-darwin15.6.0/
LIBRARY_PATH=/usr/local/Cellar/gcc/6.3.0_1/lib/gcc/6/gcc/x86_64-apple-darwin15.6.0/6.3.0/:/usr/local/Cellar/gcc/6.3.0_1/lib/gcc/6/gcc/x86_64-apple-darwin15.6.0/6.3.0/../../../
COLLECT_GCC_OPTIONS='-o' 'conftest' '-O3' '-pipe' '-v' '-mmacosx-version-min=10.11.6'  '-shared-libgcc' '-mtune=core2'
 /usr/local/Cellar/gcc/6.3.0_1/libexec/gcc/x86_64-apple-darwin15.6.0/6.3.0/collect2 -dynamic -arch x86_64 -macosx_version_min 10.11.6 -weak_reference_mismatches non-weak -o conftest -L/usr/local/Cellar/gcc/6.3.0_1/lib/gcc/6/gcc/x86_64-apple-darwin15.6.0/6.3.0 -L/usr/local/Cellar/gcc/6.3.0_1/lib/gcc/6/gcc/x86_64-apple-darwin15.6.0/6.3.0/../../.. /var/folders/r6/f72gb7pn1_qg54pk05xl8y2w0000gn/T//cckGGxg7.o -lgfortran -no_compact_unwind -lSystem -lgcc_ext.10.5 -lgcc -lquadmath -lm -lgcc_ext.10.5 -lgcc -lSystem -v
collect2 version 6.3.0
/usr/bin/ld -dynamic -arch x86_64 -macosx_version_min 10.11.6 -weak_reference_mismatches non-weak -o conftest -L/usr/local/Cellar/gcc/6.3.0_1/lib/gcc/6/gcc/x86_64-apple-darwin15.6.0/6.3.0 -L/usr/local/Cellar/gcc/6.3.0_1/lib/gcc/6/gcc/x86_64-apple-darwin15.6.0/6.3.0/../../.. /var/folders/r6/f72gb7pn1_qg54pk05xl8y2w0000gn/T//cckGGxg7.o -lgfortran -no_compact_unwind -lSystem -lgcc_ext.10.5 -lgcc -lquadmath -lm -lgcc_ext.10.5 -lgcc -lSystem -v
@(#)PROGRAM:ld  PROJECT:ld64-274.1
configured to support archs: armv6 armv7 armv7s arm64 i386 x86_64 x86_64h armv6m armv7k armv7m armv7em (tvOS)
Library search paths:
	/usr/local/Cellar/gcc/6.3.0_1/lib/gcc/6/gcc/x86_64-apple-darwin15.6.0/6.3.0
	/usr/local/Cellar/gcc/6.3.0_1/lib/gcc/6
	/usr/lib
	/usr/local/lib
Framework search paths:
	/Library/Frameworks/
	/System/Library/Frameworks/
 /usr/bin/nm -n /var/folders/r6/f72gb7pn1_qg54pk05xl8y2w0000gn/T//cckGGxg7.o
configure:5075: result: -v
configure:5077: checking for Fortran libraries of gfortran
configure:5098: gfortran -o conftest -O3 -pipe   -v  conftest.f  >&5
Using built-in specs.
COLLECT_GCC=gfortran
COLLECT_LTO_WRAPPER=/usr/local/Cellar/gcc/6.3.0_1/libexec/gcc/x86_64-apple-darwin15.6.0/6.3.0/lto-wrapper
Target: x86_64-apple-darwin15.6.0
Configured with: ../configure --build=x86_64-apple-darwin15.6.0 --prefix=/usr/local/Cellar/gcc/6.3.0_1 --libdir=/usr/local/Cellar/gcc/6.3.0_1/lib/gcc/6 --enable-languages=c,c++,objc,obj-c++,fortran --program-suffix=-6 --with-gmp=/usr/local/opt/gmp --with-mpfr=/usr/local/opt/mpfr --with-mpc=/usr/local/opt/libmpc --with-isl=/usr/local/opt/isl --with-system-zlib --enable-libstdcxx-time=yes --enable-stage1-checking --enable-checking=release --enable-lto --with-build-config=bootstrap-debug --disable-werror --with-pkgversion='Homebrew GCC 6.3.0_1' --with-bugurl=https://github.com/Homebrew/homebrew-core/issues --enable-plugin --disable-nls --enable-multilib
Thread model: posix
gcc version 6.3.0 (Homebrew GCC 6.3.0_1) 
COLLECT_GCC_OPTIONS='-o' 'conftest' '-O3' '-pipe' '-v' '-mmacosx-version-min=10.11.6'  '-shared-libgcc' '-mtune=core2'
 /usr/local/Cellar/gcc/6.3.0_1/libexec/gcc/x86_64-apple-darwin15.6.0/6.3.0/f951 conftest.f -ffixed-form -fPIC -quiet -dumpbase conftest.f -mmacosx-version-min=10.11.6 -mtune=core2 -auxbase conftest -O3 -version -fintrinsic-modules-path /usr/local/Cellar/gcc/6.3.0_1/lib/gcc/6/gcc/x86_64-apple-darwin15.6.0/6.3.0/finclude -o - |
 as -arch x86_64 -v -force_cpusubtype_ALL -mmacosx-version-min=10.11 -o /var/folders/r6/f72gb7pn1_qg54pk05xl8y2w0000gn/T//ccDqSfbQ.o
GNU Fortran (Homebrew GCC 6.3.0_1) version 6.3.0 (x86_64-apple-darwin15.6.0)
	compiled by GNU C version 6.3.0, GMP version 6.1.2, MPFR version 3.1.5, MPC version 1.0.3, isl version 0.15
GGC heuristics: --param ggc-min-expand=100 --param ggc-min-heapsize=131072
GNU Fortran2008 (Homebrew GCC 6.3.0_1) version 6.3.0 (x86_64-apple-darwin15.6.0)
	compiled by GNU C version 6.3.0, GMP version 6.1.2, MPFR version 3.1.5, MPC version 1.0.3, isl version 0.15
GGC heuristics: --param ggc-min-expand=100 --param ggc-min-heapsize=131072
Apple LLVM version 8.0.0 (clang-800.0.38)
Target: x86_64-apple-darwin15.6.0
Thread model: posix
InstalledDir: /Applications/Xcode.app/Contents/Developer/Toolchains/XcodeDefault.xctoolchain/usr/bin
 "/Applications/Xcode.app/Contents/Developer/Toolchains/XcodeDefault.xctoolchain/usr/bin/clang" -cc1as -triple x86_64-apple-macosx10.11.0 -filetype obj -main-file-name - -target-cpu core2 -fdebug-compilation-dir /Users/yukai/Documents/Capstone/c3toc4_models-new/CoinIpopt/Ipopt -dwarf-debug-producer Apple LLVM version 8.0.0 (clang-800.0.38) -dwarf-version=2 -mrelocation-model pic -o /var/folders/r6/f72gb7pn1_qg54pk05xl8y2w0000gn/T//ccDqSfbQ.o -
Reading specs from /usr/local/Cellar/gcc/6.3.0_1/lib/gcc/6/gcc/x86_64-apple-darwin15.6.0/6.3.0/../../../libgfortran.spec
rename spec lib to liborig
COLLECT_GCC_OPTIONS='-o' 'conftest' '-O3' '-pipe' '-v' '-mmacosx-version-min=10.11.6'  '-shared-libgcc' '-mtune=core2'
COMPILER_PATH=/usr/local/Cellar/gcc/6.3.0_1/libexec/gcc/x86_64-apple-darwin15.6.0/6.3.0/:/usr/local/Cellar/gcc/6.3.0_1/libexec/gcc/x86_64-apple-darwin15.6.0/6.3.0/:/usr/local/Cellar/gcc/6.3.0_1/libexec/gcc/x86_64-apple-darwin15.6.0/:/usr/local/Cellar/gcc/6.3.0_1/lib/gcc/6/gcc/x86_64-apple-darwin15.6.0/6.3.0/:/usr/local/Cellar/gcc/6.3.0_1/lib/gcc/6/gcc/x86_64-apple-darwin15.6.0/
LIBRARY_PATH=/usr/local/Cellar/gcc/6.3.0_1/lib/gcc/6/gcc/x86_64-apple-darwin15.6.0/6.3.0/:/usr/local/Cellar/gcc/6.3.0_1/lib/gcc/6/gcc/x86_64-apple-darwin15.6.0/6.3.0/../../../
COLLECT_GCC_OPTIONS='-o' 'conftest' '-O3' '-pipe' '-v' '-mmacosx-version-min=10.11.6'  '-shared-libgcc' '-mtune=core2'
 /usr/local/Cellar/gcc/6.3.0_1/libexec/gcc/x86_64-apple-darwin15.6.0/6.3.0/collect2 -dynamic -arch x86_64 -macosx_version_min 10.11.6 -weak_reference_mismatches non-weak -o conftest -L/usr/local/Cellar/gcc/6.3.0_1/lib/gcc/6/gcc/x86_64-apple-darwin15.6.0/6.3.0 -L/usr/local/Cellar/gcc/6.3.0_1/lib/gcc/6/gcc/x86_64-apple-darwin15.6.0/6.3.0/../../.. /var/folders/r6/f72gb7pn1_qg54pk05xl8y2w0000gn/T//ccDqSfbQ.o -lgfortran -no_compact_unwind -lSystem -lgcc_ext.10.5 -lgcc -lquadmath -lm -lgcc_ext.10.5 -lgcc -lSystem -v
collect2 version 6.3.0
/usr/bin/ld -dynamic -arch x86_64 -macosx_version_min 10.11.6 -weak_reference_mismatches non-weak -o conftest -L/usr/local/Cellar/gcc/6.3.0_1/lib/gcc/6/gcc/x86_64-apple-darwin15.6.0/6.3.0 -L/usr/local/Cellar/gcc/6.3.0_1/lib/gcc/6/gcc/x86_64-apple-darwin15.6.0/6.3.0/../../.. /var/folders/r6/f72gb7pn1_qg54pk05xl8y2w0000gn/T//ccDqSfbQ.o -lgfortran -no_compact_unwind -lSystem -lgcc_ext.10.5 -lgcc -lquadmath -lm -lgcc_ext.10.5 -lgcc -lSystem -v
@(#)PROGRAM:ld  PROJECT:ld64-274.1
configured to support archs: armv6 armv7 armv7s arm64 i386 x86_64 x86_64h armv6m armv7k armv7m armv7em (tvOS)
Library search paths:
	/usr/local/Cellar/gcc/6.3.0_1/lib/gcc/6/gcc/x86_64-apple-darwin15.6.0/6.3.0
	/usr/local/Cellar/gcc/6.3.0_1/lib/gcc/6
	/usr/lib
	/usr/local/lib
Framework search paths:
	/Library/Frameworks/
	/System/Library/Frameworks/
 /usr/bin/nm -n /var/folders/r6/f72gb7pn1_qg54pk05xl8y2w0000gn/T//ccDqSfbQ.o
configure:5259: result:  -L/usr/local/Cellar/gcc/6.3.0_1/lib/gcc/6/gcc/x86_64-apple-darwin15.6.0/6.3.0 -L/usr/local/Cellar/gcc/6.3.0_1/lib/gcc/6/gcc/x86_64-apple-darwin15.6.0/6.3.0/../../.. -lgfortran -lSystem -lgcc_ext.10.5 -lquadmath -lm
configure:5326: Corrected Fortran libraries:  -L/usr/local/Cellar/gcc/6.3.0_1/lib/gcc/6/gcc/x86_64-apple-darwin15.6.0/6.3.0 -L/usr/local/Cellar/gcc/6.3.0_1/lib/gcc/6/gcc/x86_64-apple-darwin15.6.0/6.3.0/../../.. -lgfortran -lSystem -lquadmath -lm
configure:5335: checking for dummy main to link with Fortran libraries
configure:5374: clang -o conftest -O3 -pipe -DNDEBUG -Wimplicit -Wparentheses -Wsequence-point -Wreturn-type -Wcast-qual -Wall -Wno-unknown-pragmas -Wno-long-long   -DIPOPT_BUILD   conftest.c   -L/usr/local/Cellar/gcc/6.3.0_1/lib/gcc/6/gcc/x86_64-apple-darwin15.6.0/6.3.0 -L/usr/local/Cellar/gcc/6.3.0_1/lib/gcc/6/gcc/x86_64-apple-darwin15.6.0/6.3.0/../../.. -lgfortran -lSystem -lquadmath -lm >&5
configure:5380: $? = 0
configure:5384: test -z 
			 || test ! -s conftest.err
configure:5387: $? = 0
configure:5390: test -s conftest
configure:5393: $? = 0
configure:5471: result: none
configure:5507: checking for Fortran name-mangling scheme
configure:5521: gfortran -c -O3 -pipe   conftest.f >&5
configure:5527: $? = 0
configure:5531: test -z 
			 || test ! -s conftest.err
configure:5534: $? = 0
configure:5537: test -s conftest.o
configure:5540: $? = 0
configure:5587: clang -o conftest -O3 -pipe -DNDEBUG -Wimplicit -Wparentheses -Wsequence-point -Wreturn-type -Wcast-qual -Wall -Wno-unknown-pragmas -Wno-long-long   -DIPOPT_BUILD   conftest.c cfortran_test.o   -L/usr/local/Cellar/gcc/6.3.0_1/lib/gcc/6/gcc/x86_64-apple-darwin15.6.0/6.3.0 -L/usr/local/Cellar/gcc/6.3.0_1/lib/gcc/6/gcc/x86_64-apple-darwin15.6.0/6.3.0/../../.. -lgfortran -lSystem -lquadmath -lm >&5
Undefined symbols for architecture x86_64:
  "_foobar", referenced from:
      _main in conftest-ac81a0.o
     (maybe you meant: _foobar_)
ld: symbol(s) not found for architecture x86_64
clang: error: linker command failed with exit code 1 (use -v to see invocation)
configure:5593: $? = 1
configure: failed program was:
| /* confdefs.h.  */
| 
| #define PACKAGE_NAME "Ipopt"
| #define PACKAGE_TARNAME "ipopt"
| #define PACKAGE_VERSION "3.12.6"
| #define PACKAGE_STRING "Ipopt 3.12.6"
| #define PACKAGE_BUGREPORT "http://projects.coin-or.org/Ipopt/newticket"
| #define IPOPT_VERSION "3.12.6"
| #define IPOPT_VERSION_MAJOR 3
| #define IPOPT_VERSION_MINOR 12
| #define IPOPT_VERSION_RELEASE 6
| #define COIN_IPOPT_VERBOSITY 0
| #define COIN_IPOPT_CHECKLEVEL 0
| #ifdef __cplusplus
| extern "C" void exit (int);
| #endif
| /* end confdefs.h.  */
| 
| /* Override any gcc2 internal prototype to avoid an error.  */
| #ifdef __cplusplus
| extern "C"
| #endif
| /* We use char because int might match the return type of a gcc2
|    builtin and then its argument prototype would still apply.  */
| char foobar ();
| #ifdef F77_DUMMY_MAIN
| 
| #  ifdef __cplusplus
|      extern "C"
| #  endif
|    int F77_DUMMY_MAIN() { return 1; }
| 
| #endif
| int
| main ()
| {
| foobar ();
|   ;
|   return 0;
| }
configure:5587: clang -o conftest -O3 -pipe -DNDEBUG -Wimplicit -Wparentheses -Wsequence-point -Wreturn-type -Wcast-qual -Wall -Wno-unknown-pragmas -Wno-long-long   -DIPOPT_BUILD   conftest.c cfortran_test.o   -L/usr/local/Cellar/gcc/6.3.0_1/lib/gcc/6/gcc/x86_64-apple-darwin15.6.0/6.3.0 -L/usr/local/Cellar/gcc/6.3.0_1/lib/gcc/6/gcc/x86_64-apple-darwin15.6.0/6.3.0/../../.. -lgfortran -lSystem -lquadmath -lm >&5
configure:5593: $? = 0
configure:5597: test -z 
			 || test ! -s conftest.err
configure:5600: $? = 0
configure:5603: test -s conftest
configure:5606: $? = 0
configure:5674: clang -o conftest -O3 -pipe -DNDEBUG -Wimplicit -Wparentheses -Wsequence-point -Wreturn-type -Wcast-qual -Wall -Wno-unknown-pragmas -Wno-long-long   -DIPOPT_BUILD   conftest.c cfortran_test.o   -L/usr/local/Cellar/gcc/6.3.0_1/lib/gcc/6/gcc/x86_64-apple-darwin15.6.0/6.3.0 -L/usr/local/Cellar/gcc/6.3.0_1/lib/gcc/6/gcc/x86_64-apple-darwin15.6.0/6.3.0/../../.. -lgfortran -lSystem -lquadmath -lm >&5
configure:5680: $? = 0
configure:5684: test -z 
			 || test ! -s conftest.err
configure:5687: $? = 0
configure:5690: test -s conftest
configure:5693: $? = 0
configure:5743: result: lower case, underscore, no extra underscore
configure:5964: checking for a BSD-compatible install
configure:6019: result: /usr/bin/install -c
configure:6030: checking whether build environment is sane
configure:6073: result: yes
configure:6138: checking for gawk
configure:6167: result: no
configure:6138: checking for mawk
configure:6167: result: no
configure:6138: checking for nawk
configure:6167: result: no
configure:6138: checking for awk
configure:6154: found /usr/bin/awk
configure:6164: result: awk
configure:6174: checking whether make sets $(MAKE)
configure:6194: result: yes
configure:6224: checking for style of include used by make
configure:6252: result: GNU
configure:6433: checking dependency style of clang
configure:6523: result: gcc3
configure:6542: checking dependency style of clang++
configure:6632: result: gcc3
configure:6650: checking whether to enable maintainer-specific portions of Makefiles
configure:6659: result: no
configure:22040: Using libtool script in directory ..
configure:22139: checking if library version is set
configure:22143: result: 11:6:10
configure:22185: configuring doxygen documentation options
configure:22192: checking for doxygen
configure:22219: result: no
configure:22228: checking for latex
configure:22255: result: no
configure:22283: checking for dot
configure:22310: result: NO
configure:22476: checking for pkg-config
configure:22492: found /usr/local/bin/pkg-config
configure:22502: result: pkg-config
configure:22517: checking pkg-config is at least version 0.16.0
configure:22520: result: yes
configure:24975: checking for BLAS in Veclib
configure:25091: clang -o conftest -O3 -pipe -DNDEBUG -Wimplicit -Wparentheses -Wsequence-point -Wreturn-type -Wcast-qual -Wall -Wno-unknown-pragmas -Wno-long-long   -DIPOPT_BUILD   conftest.c -framework Accelerate  >&5
configure:25097: $? = 0
configure:25101: test -z 
			 || test ! -s conftest.err
configure:25104: $? = 0
configure:25107: test -s conftest
configure:25110: $? = 0
configure:25127: result: yes: -framework Accelerate
configure:26903: checking whether LAPACK is already available with BLAS library
configure:27016: clang -o conftest -O3 -pipe -DNDEBUG -Wimplicit -Wparentheses -Wsequence-point -Wreturn-type -Wcast-qual -Wall -Wno-unknown-pragmas -Wno-long-long   -DIPOPT_BUILD   conftest.c -framework Accelerate  >&5
configure:27022: $? = 0
configure:27026: test -z 
			 || test ! -s conftest.err
configure:27029: $? = 0
configure:27032: test -s conftest
configure:27035: $? = 0
configure:27052: result: yes: -framework Accelerate
configure:29190: checking for COIN-OR package ASL
configure:29332: result: yes: 1.3.5 
configure:29700: checking for COIN-OR package HSL
configure:29842: result: yes: 1.5.5 
configure:30210: checking for COIN-OR package Mumps
configure:30352: result: yes: 1.5.5 
configure:30735: checking for int *
configure:30767: clang -c -O3 -pipe -DNDEBUG -Wimplicit -Wparentheses -Wsequence-point -Wreturn-type -Wcast-qual -Wall -Wno-unknown-pragmas -Wno-long-long   -DIPOPT_BUILD  conftest.c >&5
configure:30773: $? = 0
configure:30777: test -z 
			 || test ! -s conftest.err
configure:30780: $? = 0
configure:30783: test -s conftest.o
configure:30786: $? = 0
configure:30797: result: yes
configure:30800: checking size of int *
configure:31167: clang -o conftest -O3 -pipe -DNDEBUG -Wimplicit -Wparentheses -Wsequence-point -Wreturn-type -Wcast-qual -Wall -Wno-unknown-pragmas -Wno-long-long   -DIPOPT_BUILD   conftest.c  >&5
configure:31170: $? = 0
configure:31172: ./conftest
configure:31175: $? = 0
configure:31198: result: 8
configure:31250: Using CXXAR="ar cru".
configure:31297: checking cmath usability
configure:31309: clang++ -c -O3 -pipe -DNDEBUG -Wparentheses -Wreturn-type -Wcast-qual -Wall -Wpointer-arith -Wwrite-strings -Wconversion -Wno-unknown-pragmas -Wno-long-long   -DIPOPT_BUILD  conftest.cc >&5
configure:31315: $? = 0
configure:31319: test -z 
			 || test ! -s conftest.err
configure:31322: $? = 0
configure:31325: test -s conftest.o
configure:31328: $? = 0
configure:31338: result: yes
configure:31342: checking cmath presence
configure:31352: clang++ -E  conftest.cc
configure:31358: $? = 0
configure:31378: result: yes
configure:31413: checking for cmath
configure:31420: result: yes
configure:31626: checking cctype usability
configure:31638: clang++ -c -O3 -pipe -DNDEBUG -Wparentheses -Wreturn-type -Wcast-qual -Wall -Wpointer-arith -Wwrite-strings -Wconversion -Wno-unknown-pragmas -Wno-long-long   -DIPOPT_BUILD  conftest.cc >&5
configure:31644: $? = 0
configure:31648: test -z 
			 || test ! -s conftest.err
configure:31651: $? = 0
configure:31654: test -s conftest.o
configure:31657: $? = 0
configure:31667: result: yes
configure:31671: checking cctype presence
configure:31681: clang++ -E  conftest.cc
configure:31687: $? = 0
configure:31707: result: yes
configure:31742: checking for cctype
configure:31749: result: yes
configure:31955: checking cassert usability
configure:31967: clang++ -c -O3 -pipe -DNDEBUG -Wparentheses -Wreturn-type -Wcast-qual -Wall -Wpointer-arith -Wwrite-strings -Wconversion -Wno-unknown-pragmas -Wno-long-long   -DIPOPT_BUILD  conftest.cc >&5
configure:31973: $? = 0
configure:31977: test -z 
			 || test ! -s conftest.err
configure:31980: $? = 0
configure:31983: test -s conftest.o
configure:31986: $? = 0
configure:31996: result: yes
configure:32000: checking cassert presence
configure:32010: clang++ -E  conftest.cc
configure:32016: $? = 0
configure:32036: result: yes
configure:32071: checking for cassert
configure:32078: result: yes
configure:32284: checking cstdio usability
configure:32296: clang++ -c -O3 -pipe -DNDEBUG -Wparentheses -Wreturn-type -Wcast-qual -Wall -Wpointer-arith -Wwrite-strings -Wconversion -Wno-unknown-pragmas -Wno-long-long   -DIPOPT_BUILD  conftest.cc >&5
configure:32302: $? = 0
configure:32306: test -z 
			 || test ! -s conftest.err
configure:32309: $? = 0
configure:32312: test -s conftest.o
configure:32315: $? = 0
configure:32325: result: yes
configure:32329: checking cstdio presence
configure:32339: clang++ -E  conftest.cc
configure:32345: $? = 0
configure:32365: result: yes
configure:32400: checking for cstdio
configure:32407: result: yes
configure:32613: checking cstdlib usability
configure:32625: clang++ -c -O3 -pipe -DNDEBUG -Wparentheses -Wreturn-type -Wcast-qual -Wall -Wpointer-arith -Wwrite-strings -Wconversion -Wno-unknown-pragmas -Wno-long-long   -DIPOPT_BUILD  conftest.cc >&5
configure:32631: $? = 0
configure:32635: test -z 
			 || test ! -s conftest.err
configure:32638: $? = 0
configure:32641: test -s conftest.o
configure:32644: $? = 0
configure:32654: result: yes
configure:32658: checking cstdlib presence
configure:32668: clang++ -E  conftest.cc
configure:32674: $? = 0
configure:32694: result: yes
configure:32729: checking for cstdlib
configure:32736: result: yes
configure:32942: checking cstdarg usability
configure:32954: clang++ -c -O3 -pipe -DNDEBUG -Wparentheses -Wreturn-type -Wcast-qual -Wall -Wpointer-arith -Wwrite-strings -Wconversion -Wno-unknown-pragmas -Wno-long-long   -DIPOPT_BUILD  conftest.cc >&5
configure:32960: $? = 0
configure:32964: test -z 
			 || test ! -s conftest.err
configure:32967: $? = 0
configure:32970: test -s conftest.o
configure:32973: $? = 0
configure:32983: result: yes
configure:32987: checking cstdarg presence
configure:32997: clang++ -E  conftest.cc
configure:33003: $? = 0
configure:33023: result: yes
configure:33058: checking for cstdarg
configure:33065: result: yes
configure:33271: checking cstring usability
configure:33283: clang++ -c -O3 -pipe -DNDEBUG -Wparentheses -Wreturn-type -Wcast-qual -Wall -Wpointer-arith -Wwrite-strings -Wconversion -Wno-unknown-pragmas -Wno-long-long   -DIPOPT_BUILD  conftest.cc >&5
configure:33289: $? = 0
configure:33293: test -z 
			 || test ! -s conftest.err
configure:33296: $? = 0
configure:33299: test -s conftest.o
configure:33302: $? = 0
configure:33312: result: yes
configure:33316: checking cstring presence
configure:33326: clang++ -E  conftest.cc
configure:33332: $? = 0
configure:33352: result: yes
configure:33387: checking for cstring
configure:33394: result: yes
configure:33600: checking cfloat usability
configure:33612: clang++ -c -O3 -pipe -DNDEBUG -Wparentheses -Wreturn-type -Wcast-qual -Wall -Wpointer-arith -Wwrite-strings -Wconversion -Wno-unknown-pragmas -Wno-long-long   -DIPOPT_BUILD  conftest.cc >&5
configure:33618: $? = 0
configure:33622: test -z 
			 || test ! -s conftest.err
configure:33625: $? = 0
configure:33628: test -s conftest.o
configure:33631: $? = 0
configure:33641: result: yes
configure:33645: checking cfloat presence
configure:33655: clang++ -E  conftest.cc
configure:33661: $? = 0
configure:33681: result: yes
configure:33716: checking for cfloat
configure:33723: result: yes
configure:33929: checking ctime usability
configure:33941: clang++ -c -O3 -pipe -DNDEBUG -Wparentheses -Wreturn-type -Wcast-qual -Wall -Wpointer-arith -Wwrite-strings -Wconversion -Wno-unknown-pragmas -Wno-long-long   -DIPOPT_BUILD  conftest.cc >&5
configure:33947: $? = 0
configure:33951: test -z 
			 || test ! -s conftest.err
configure:33954: $? = 0
configure:33957: test -s conftest.o
configure:33960: $? = 0
configure:33970: result: yes
configure:33974: checking ctime presence
configure:33984: clang++ -E  conftest.cc
configure:33990: $? = 0
configure:34010: result: yes
configure:34045: checking for ctime
configure:34052: result: yes
configure:34258: checking cstddef usability
configure:34270: clang++ -c -O3 -pipe -DNDEBUG -Wparentheses -Wreturn-type -Wcast-qual -Wall -Wpointer-arith -Wwrite-strings -Wconversion -Wno-unknown-pragmas -Wno-long-long   -DIPOPT_BUILD  conftest.cc >&5
configure:34276: $? = 0
configure:34280: test -z 
			 || test ! -s conftest.err
configure:34283: $? = 0
configure:34286: test -s conftest.o
configure:34289: $? = 0
configure:34299: result: yes
configure:34303: checking cstddef presence
configure:34313: clang++ -E  conftest.cc
configure:34319: $? = 0
configure:34339: result: yes
configure:34374: checking for cstddef
configure:34381: result: yes
configure:34592: checking for cmath
configure:34597: result: yes
configure:34921: checking for cfloat
configure:34926: result: yes
configure:35259: checking cieeefp usability
configure:35271: clang++ -c -O3 -pipe -DNDEBUG -Wparentheses -Wreturn-type -Wcast-qual -Wall -Wpointer-arith -Wwrite-strings -Wconversion -Wno-unknown-pragmas -Wno-long-long   -DIPOPT_BUILD  conftest.cc >&5
conftest.cc:85:10: fatal error: 'cieeefp' file not found
#include <cieeefp>
         ^
1 error generated.
configure:35277: $? = 1
configure: failed program was:
| /* confdefs.h.  */
| 
| #define PACKAGE_NAME "Ipopt"
| #define PACKAGE_TARNAME "ipopt"
| #define PACKAGE_VERSION "3.12.6"
| #define PACKAGE_STRING "Ipopt 3.12.6"
| #define PACKAGE_BUGREPORT "http://projects.coin-or.org/Ipopt/newticket"
| #define IPOPT_VERSION "3.12.6"
| #define IPOPT_VERSION_MAJOR 3
| #define IPOPT_VERSION_MINOR 12
| #define IPOPT_VERSION_RELEASE 6
| #define COIN_IPOPT_VERBOSITY 0
| #define COIN_IPOPT_CHECKLEVEL 0
| #ifdef __cplusplus
| extern "C" void exit (int);
| #endif
| #define F77_FUNC(name,NAME) name ## _
| #define F77_FUNC_(name,NAME) name ## _
| #define PACKAGE "ipopt"
| #define VERSION "3.12.6"
| #define STDC_HEADERS 1
| #define HAVE_SYS_TYPES_H 1
| #define HAVE_SYS_STAT_H 1
| #define HAVE_STDLIB_H 1
| #define HAVE_STRING_H 1
| #define HAVE_MEMORY_H 1
| #define HAVE_STRINGS_H 1
| #define HAVE_INTTYPES_H 1
| #define HAVE_STDINT_H 1
| #define HAVE_UNISTD_H 1
| #define HAVE_DLFCN_H 1
| #define COIN_HAS_BLAS 1
| #define COIN_HAS_LAPACK 1
| #define COIN_HAS_ASL 1
| #define COIN_HAS_HSL 1
| #define COIN_HAS_MUMPS 1
| #define SIZEOF_INT_P 8
| #define HAVE_CMATH 1
| #define HAVE_CCTYPE 1
| #define HAVE_CASSERT 1
| #define HAVE_CSTDIO 1
| #define HAVE_CSTDLIB 1
| #define HAVE_CSTDARG 1
| #define HAVE_CSTRING 1
| #define HAVE_CFLOAT 1
| #define HAVE_CTIME 1
| #define HAVE_CSTDDEF 1
| #define HAVE_CMATH 1
| #define HAVE_CFLOAT 1
| /* end confdefs.h.  */
| #include <stdio.h>
| #if HAVE_SYS_TYPES_H
| # include <sys/types.h>
| #endif
| #if HAVE_SYS_STAT_H
| # include <sys/stat.h>
| #endif
| #if STDC_HEADERS
| # include <stdlib.h>
| # include <stddef.h>
| #else
| # if HAVE_STDLIB_H
| #  include <stdlib.h>
| # endif
| #endif
| #if HAVE_STRING_H
| # if !STDC_HEADERS && HAVE_MEMORY_H
| #  include <memory.h>
| # endif
| # include <string.h>
| #endif
| #if HAVE_STRINGS_H
| # include <strings.h>
| #endif
| #if HAVE_INTTYPES_H
| # include <inttypes.h>
| #else
| # if HAVE_STDINT_H
| #  include <stdint.h>
| # endif
| #endif
| #if HAVE_UNISTD_H
| # include <unistd.h>
| #endif
| #include <cieeefp>
configure:35300: result: no
configure:35304: checking cieeefp presence
configure:35314: clang++ -E  conftest.cc
conftest.cc:51:10: fatal error: 'cieeefp' file not found
#include <cieeefp>
         ^
1 error generated.
configure:35320: $? = 1
configure: failed program was:
| /* confdefs.h.  */
| 
| #define PACKAGE_NAME "Ipopt"
| #define PACKAGE_TARNAME "ipopt"
| #define PACKAGE_VERSION "3.12.6"
| #define PACKAGE_STRING "Ipopt 3.12.6"
| #define PACKAGE_BUGREPORT "http://projects.coin-or.org/Ipopt/newticket"
| #define IPOPT_VERSION "3.12.6"
| #define IPOPT_VERSION_MAJOR 3
| #define IPOPT_VERSION_MINOR 12
| #define IPOPT_VERSION_RELEASE 6
| #define COIN_IPOPT_VERBOSITY 0
| #define COIN_IPOPT_CHECKLEVEL 0
| #ifdef __cplusplus
| extern "C" void exit (int);
| #endif
| #define F77_FUNC(name,NAME) name ## _
| #define F77_FUNC_(name,NAME) name ## _
| #define PACKAGE "ipopt"
| #define VERSION "3.12.6"
| #define STDC_HEADERS 1
| #define HAVE_SYS_TYPES_H 1
| #define HAVE_SYS_STAT_H 1
| #define HAVE_STDLIB_H 1
| #define HAVE_STRING_H 1
| #define HAVE_MEMORY_H 1
| #define HAVE_STRINGS_H 1
| #define HAVE_INTTYPES_H 1
| #define HAVE_STDINT_H 1
| #define HAVE_UNISTD_H 1
| #define HAVE_DLFCN_H 1
| #define COIN_HAS_BLAS 1
| #define COIN_HAS_LAPACK 1
| #define COIN_HAS_ASL 1
| #define COIN_HAS_HSL 1
| #define COIN_HAS_MUMPS 1
| #define SIZEOF_INT_P 8
| #define HAVE_CMATH 1
| #define HAVE_CCTYPE 1
| #define HAVE_CASSERT 1
| #define HAVE_CSTDIO 1
| #define HAVE_CSTDLIB 1
| #define HAVE_CSTDARG 1
| #define HAVE_CSTRING 1
| #define HAVE_CFLOAT 1
| #define HAVE_CTIME 1
| #define HAVE_CSTDDEF 1
| #define HAVE_CMATH 1
| #define HAVE_CFLOAT 1
| /* end confdefs.h.  */
| #include <cieeefp>
configure:35340: result: no
configure:35375: checking for cieeefp
configure:35382: result: no
configure:35417: checking ieeefp.h usability
configure:35429: clang++ -c -O3 -pipe -DNDEBUG -Wparentheses -Wreturn-type -Wcast-qual -Wall -Wpointer-arith -Wwrite-strings -Wconversion -Wno-unknown-pragmas -Wno-long-long   -DIPOPT_BUILD  conftest.cc >&5
conftest.cc:85:10: fatal error: 'ieeefp.h' file not found
#include <ieeefp.h>
         ^
1 error generated.
configure:35435: $? = 1
configure: failed program was:
| /* confdefs.h.  */
| 
| #define PACKAGE_NAME "Ipopt"
| #define PACKAGE_TARNAME "ipopt"
| #define PACKAGE_VERSION "3.12.6"
| #define PACKAGE_STRING "Ipopt 3.12.6"
| #define PACKAGE_BUGREPORT "http://projects.coin-or.org/Ipopt/newticket"
| #define IPOPT_VERSION "3.12.6"
| #define IPOPT_VERSION_MAJOR 3
| #define IPOPT_VERSION_MINOR 12
| #define IPOPT_VERSION_RELEASE 6
| #define COIN_IPOPT_VERBOSITY 0
| #define COIN_IPOPT_CHECKLEVEL 0
| #ifdef __cplusplus
| extern "C" void exit (int);
| #endif
| #define F77_FUNC(name,NAME) name ## _
| #define F77_FUNC_(name,NAME) name ## _
| #define PACKAGE "ipopt"
| #define VERSION "3.12.6"
| #define STDC_HEADERS 1
| #define HAVE_SYS_TYPES_H 1
| #define HAVE_SYS_STAT_H 1
| #define HAVE_STDLIB_H 1
| #define HAVE_STRING_H 1
| #define HAVE_MEMORY_H 1
| #define HAVE_STRINGS_H 1
| #define HAVE_INTTYPES_H 1
| #define HAVE_STDINT_H 1
| #define HAVE_UNISTD_H 1
| #define HAVE_DLFCN_H 1
| #define COIN_HAS_BLAS 1
| #define COIN_HAS_LAPACK 1
| #define COIN_HAS_ASL 1
| #define COIN_HAS_HSL 1
| #define COIN_HAS_MUMPS 1
| #define SIZEOF_INT_P 8
| #define HAVE_CMATH 1
| #define HAVE_CCTYPE 1
| #define HAVE_CASSERT 1
| #define HAVE_CSTDIO 1
| #define HAVE_CSTDLIB 1
| #define HAVE_CSTDARG 1
| #define HAVE_CSTRING 1
| #define HAVE_CFLOAT 1
| #define HAVE_CTIME 1
| #define HAVE_CSTDDEF 1
| #define HAVE_CMATH 1
| #define HAVE_CFLOAT 1
| /* end confdefs.h.  */
| #include <stdio.h>
| #if HAVE_SYS_TYPES_H
| # include <sys/types.h>
| #endif
| #if HAVE_SYS_STAT_H
| # include <sys/stat.h>
| #endif
| #if STDC_HEADERS
| # include <stdlib.h>
| # include <stddef.h>
| #else
| # if HAVE_STDLIB_H
| #  include <stdlib.h>
| # endif
| #endif
| #if HAVE_STRING_H
| # if !STDC_HEADERS && HAVE_MEMORY_H
| #  include <memory.h>
| # endif
| # include <string.h>
| #endif
| #if HAVE_STRINGS_H
| # include <strings.h>
| #endif
| #if HAVE_INTTYPES_H
| # include <inttypes.h>
| #else
| # if HAVE_STDINT_H
| #  include <stdint.h>
| # endif
| #endif
| #if HAVE_UNISTD_H
| # include <unistd.h>
| #endif
| #include <ieeefp.h>
configure:35458: result: no
configure:35462: checking ieeefp.h presence
configure:35472: clang++ -E  conftest.cc
conftest.cc:51:10: fatal error: 'ieeefp.h' file not found
#include <ieeefp.h>
         ^
1 error generated.
configure:35478: $? = 1
configure: failed program was:
| /* confdefs.h.  */
| 
| #define PACKAGE_NAME "Ipopt"
| #define PACKAGE_TARNAME "ipopt"
| #define PACKAGE_VERSION "3.12.6"
| #define PACKAGE_STRING "Ipopt 3.12.6"
| #define PACKAGE_BUGREPORT "http://projects.coin-or.org/Ipopt/newticket"
| #define IPOPT_VERSION "3.12.6"
| #define IPOPT_VERSION_MAJOR 3
| #define IPOPT_VERSION_MINOR 12
| #define IPOPT_VERSION_RELEASE 6
| #define COIN_IPOPT_VERBOSITY 0
| #define COIN_IPOPT_CHECKLEVEL 0
| #ifdef __cplusplus
| extern "C" void exit (int);
| #endif
| #define F77_FUNC(name,NAME) name ## _
| #define F77_FUNC_(name,NAME) name ## _
| #define PACKAGE "ipopt"
| #define VERSION "3.12.6"
| #define STDC_HEADERS 1
| #define HAVE_SYS_TYPES_H 1
| #define HAVE_SYS_STAT_H 1
| #define HAVE_STDLIB_H 1
| #define HAVE_STRING_H 1
| #define HAVE_MEMORY_H 1
| #define HAVE_STRINGS_H 1
| #define HAVE_INTTYPES_H 1
| #define HAVE_STDINT_H 1
| #define HAVE_UNISTD_H 1
| #define HAVE_DLFCN_H 1
| #define COIN_HAS_BLAS 1
| #define COIN_HAS_LAPACK 1
| #define COIN_HAS_ASL 1
| #define COIN_HAS_HSL 1
| #define COIN_HAS_MUMPS 1
| #define SIZEOF_INT_P 8
| #define HAVE_CMATH 1
| #define HAVE_CCTYPE 1
| #define HAVE_CASSERT 1
| #define HAVE_CSTDIO 1
| #define HAVE_CSTDLIB 1
| #define HAVE_CSTDARG 1
| #define HAVE_CSTRING 1
| #define HAVE_CFLOAT 1
| #define HAVE_CTIME 1
| #define HAVE_CSTDDEF 1
| #define HAVE_CMATH 1
| #define HAVE_CFLOAT 1
| /* end confdefs.h.  */
| #include <ieeefp.h>
configure:35498: result: no
configure:35533: checking for ieeefp.h
configure:35540: result: no
configure:35564: checking whether isfinite is declared
configure:35618: clang++ -c -O3 -pipe -DNDEBUG -Wparentheses -Wreturn-type -Wcast-qual -Wall -Wpointer-arith -Wwrite-strings -Wconversion -Wno-unknown-pragmas -Wno-long-long   -DIPOPT_BUILD  conftest.cc >&5
conftest.cc:86:22: error: address of overloaded function 'isfinite' does not match required type 'char'
  char *p = (char *) isfinite;
                     ^~~~~~~~
/Applications/Xcode.app/Contents/Developer/Toolchains/XcodeDefault.xctoolchain/usr/bin/../include/c++/v1/cmath:377:1: note: candidate template ignored: could not match 'typename std::enable_if<std::is_arithmetic<_A1>::value, bool>::type (_A1) throw()' against 'char'
isfinite(_A1 __lcpp_x) _NOEXCEPT
^
1 error generated.
configure:35624: $? = 1
configure: failed program was:
| /* confdefs.h.  */
| 
| #define PACKAGE_NAME "Ipopt"
| #define PACKAGE_TARNAME "ipopt"
| #define PACKAGE_VERSION "3.12.6"
| #define PACKAGE_STRING "Ipopt 3.12.6"
| #define PACKAGE_BUGREPORT "http://projects.coin-or.org/Ipopt/newticket"
| #define IPOPT_VERSION "3.12.6"
| #define IPOPT_VERSION_MAJOR 3
| #define IPOPT_VERSION_MINOR 12
| #define IPOPT_VERSION_RELEASE 6
| #define COIN_IPOPT_VERBOSITY 0
| #define COIN_IPOPT_CHECKLEVEL 0
| #ifdef __cplusplus
| extern "C" void exit (int);
| #endif
| #define F77_FUNC(name,NAME) name ## _
| #define F77_FUNC_(name,NAME) name ## _
| #define PACKAGE "ipopt"
| #define VERSION "3.12.6"
| #define STDC_HEADERS 1
| #define HAVE_SYS_TYPES_H 1
| #define HAVE_SYS_STAT_H 1
| #define HAVE_STDLIB_H 1
| #define HAVE_STRING_H 1
| #define HAVE_MEMORY_H 1
| #define HAVE_STRINGS_H 1
| #define HAVE_INTTYPES_H 1
| #define HAVE_STDINT_H 1
| #define HAVE_UNISTD_H 1
| #define HAVE_DLFCN_H 1
| #define COIN_HAS_BLAS 1
| #define COIN_HAS_LAPACK 1
| #define COIN_HAS_ASL 1
| #define COIN_HAS_HSL 1
| #define COIN_HAS_MUMPS 1
| #define SIZEOF_INT_P 8
| #define HAVE_CMATH 1
| #define HAVE_CCTYPE 1
| #define HAVE_CASSERT 1
| #define HAVE_CSTDIO 1
| #define HAVE_CSTDLIB 1
| #define HAVE_CSTDARG 1
| #define HAVE_CSTRING 1
| #define HAVE_CFLOAT 1
| #define HAVE_CTIME 1
| #define HAVE_CSTDDEF 1
| #define HAVE_CMATH 1
| #define HAVE_CFLOAT 1
| /* end confdefs.h.  */
| 
| #ifdef HAVE_CMATH
| # include <cmath>
| #else
| # ifdef HAVE_MATH_H
| #  include <math.h>
| # endif
| #endif
| #ifdef HAVE_CFLOAT
| # include <cfloat>
| #else
| # ifdef HAVE_FLOAT_H
| #  include <float.h>
| # endif
| #endif
| #ifdef HAVE_CIEEEFP
| # include <cieeefp>
| #else
| # ifdef HAVE_IEEEFP_H
| #  include <ieeefp.h>
| # endif
| #endif
| 
| #ifdef F77_DUMMY_MAIN
| 
| #  ifdef __cplusplus
|      extern "C"
| #  endif
|    int F77_DUMMY_MAIN() { return 1; }
| 
| #endif
| int
| main ()
| {
| #ifndef isfinite
|   char *p = (char *) isfinite;
| #endif
| 
|   ;
|   return 0;
| }
configure:35648: result: no
configure:35655: checking whether finite is declared
configure:35709: clang++ -c -O3 -pipe -DNDEBUG -Wparentheses -Wreturn-type -Wcast-qual -Wall -Wpointer-arith -Wwrite-strings -Wconversion -Wno-unknown-pragmas -Wno-long-long   -DIPOPT_BUILD  conftest.cc >&5
conftest.cc:86:22: warning: 'finite' is deprecated: first deprecated in macOS 10.9 [-Wdeprecated-declarations]
  char *p = (char *) finite;
                     ^
/usr/include/math.h:757:12: note: 'finite' has been explicitly marked deprecated here
extern int finite(double) __OSX_AVAILABLE_BUT_DEPRECATED(__MAC_10_0, __MAC_10_9, __IPHONE_NA, __IPHONE_NA);
           ^
conftest.cc:86:9: warning: unused variable 'p' [-Wunused-variable]
  char *p = (char *) finite;
        ^
2 warnings generated.
configure:35715: $? = 0
configure:35719: test -z 
			 || test ! -s conftest.err
configure:35722: $? = 0
configure:35725: test -s conftest.o
configure:35728: $? = 0
configure:35739: result: yes
configure:35861: checking whether va_copy is declared
configure:35901: clang++ -c -O3 -pipe -DNDEBUG -Wparentheses -Wreturn-type -Wcast-qual -Wall -Wpointer-arith -Wwrite-strings -Wconversion -Wno-unknown-pragmas -Wno-long-long   -DIPOPT_BUILD  conftest.cc >&5
configure:35907: $? = 0
configure:35911: test -z 
			 || test ! -s conftest.err
configure:35914: $? = 0
configure:35917: test -s conftest.o
configure:35920: $? = 0
configure:35931: result: yes
configure:35946: checking whether drand48 is declared
configure:35987: clang++ -c -O3 -pipe -DNDEBUG -Wparentheses -Wreturn-type -Wcast-qual -Wall -Wpointer-arith -Wwrite-strings -Wconversion -Wno-unknown-pragmas -Wno-long-long   -DIPOPT_BUILD  conftest.cc >&5
conftest.cc:75:9: warning: unused variable 'p' [-Wunused-variable]
  char *p = (char *) drand48;
        ^
1 warning generated.
configure:35993: $? = 0
configure:35997: test -z 
			 || test ! -s conftest.err
configure:36000: $? = 0
configure:36003: test -s conftest.o
configure:36006: $? = 0
configure:36017: result: yes
configure:36028: checking whether rand is declared
configure:36069: clang++ -c -O3 -pipe -DNDEBUG -Wparentheses -Wreturn-type -Wcast-qual -Wall -Wpointer-arith -Wwrite-strings -Wconversion -Wno-unknown-pragmas -Wno-long-long   -DIPOPT_BUILD  conftest.cc >&5
conftest.cc:76:9: warning: unused variable 'p' [-Wunused-variable]
  char *p = (char *) rand;
        ^
1 warning generated.
configure:36075: $? = 0
configure:36079: test -z 
			 || test ! -s conftest.err
configure:36082: $? = 0
configure:36085: test -s conftest.o
configure:36088: $? = 0
configure:36099: result: yes
configure:36110: checking whether srand is declared
configure:36151: clang++ -c -O3 -pipe -DNDEBUG -Wparentheses -Wreturn-type -Wcast-qual -Wall -Wpointer-arith -Wwrite-strings -Wconversion -Wno-unknown-pragmas -Wno-long-long   -DIPOPT_BUILD  conftest.cc >&5
conftest.cc:77:9: warning: unused variable 'p' [-Wunused-variable]
  char *p = (char *) srand;
        ^
1 warning generated.
configure:36157: $? = 0
configure:36161: test -z 
			 || test ! -s conftest.err
configure:36164: $? = 0
configure:36167: test -s conftest.o
configure:36170: $? = 0
configure:36181: result: yes
configure:36215: checking whether MA28 is available with HSL
configure:36246: clang -E  -I/Users/yukai/Documents/Capstone/c3toc4_models-new/CoinIpopt/ThirdParty/HSL conftest.c
configure:36252: $? = 0
configure:36264: result: yes
configure:36328: checking for mkl_get_version_string
configure:36393: clang -o conftest -O3 -pipe -DNDEBUG -Wimplicit -Wparentheses -Wsequence-point -Wreturn-type -Wcast-qual -Wall -Wno-unknown-pragmas -Wno-long-long   -DIPOPT_BUILD   conftest.c  -framework Accelerate -framework Accelerate >&5
Undefined symbols for architecture x86_64:
  "_mkl_get_version_string", referenced from:
      _main in conftest-23f686.o
      _f in conftest-23f686.o
ld: symbol(s) not found for architecture x86_64
clang: error: linker command failed with exit code 1 (use -v to see invocation)
configure:36399: $? = 1
configure: failed program was:
| /* confdefs.h.  */
| 
| #define PACKAGE_NAME "Ipopt"
| #define PACKAGE_TARNAME "ipopt"
| #define PACKAGE_VERSION "3.12.6"
| #define PACKAGE_STRING "Ipopt 3.12.6"
| #define PACKAGE_BUGREPORT "http://projects.coin-or.org/Ipopt/newticket"
| #define IPOPT_VERSION "3.12.6"
| #define IPOPT_VERSION_MAJOR 3
| #define IPOPT_VERSION_MINOR 12
| #define IPOPT_VERSION_RELEASE 6
| #define COIN_IPOPT_VERBOSITY 0
| #define COIN_IPOPT_CHECKLEVEL 0
| #ifdef __cplusplus
| extern "C" void exit (int);
| #endif
| #define F77_FUNC(name,NAME) name ## _
| #define F77_FUNC_(name,NAME) name ## _
| #define PACKAGE "ipopt"
| #define VERSION "3.12.6"
| #define STDC_HEADERS 1
| #define HAVE_SYS_TYPES_H 1
| #define HAVE_SYS_STAT_H 1
| #define HAVE_STDLIB_H 1
| #define HAVE_STRING_H 1
| #define HAVE_MEMORY_H 1
| #define HAVE_STRINGS_H 1
| #define HAVE_INTTYPES_H 1
| #define HAVE_STDINT_H 1
| #define HAVE_UNISTD_H 1
| #define HAVE_DLFCN_H 1
| #define COIN_HAS_BLAS 1
| #define COIN_HAS_LAPACK 1
| #define COIN_HAS_ASL 1
| #define COIN_HAS_HSL 1
| #define COIN_HAS_MUMPS 1
| #define SIZEOF_INT_P 8
| #define HAVE_CMATH 1
| #define HAVE_CCTYPE 1
| #define HAVE_CASSERT 1
| #define HAVE_CSTDIO 1
| #define HAVE_CSTDLIB 1
| #define HAVE_CSTDARG 1
| #define HAVE_CSTRING 1
| #define HAVE_CFLOAT 1
| #define HAVE_CTIME 1
| #define HAVE_CSTDDEF 1
| #define HAVE_CMATH 1
| #define HAVE_CFLOAT 1
| #define COIN_C_FINITE finite
| #define HAVE_VA_COPY 1
| #define HAVE_DRAND48 1
| #define HAVE_RAND 1
| #define HAVE_STD__RAND 1
| /* end confdefs.h.  */
| /* Define mkl_get_version_string to an innocuous variant, in case <limits.h> declares mkl_get_version_string.
|    For example, HP-UX 11i <limits.h> declares gettimeofday.  */
| #define mkl_get_version_string innocuous_mkl_get_version_string
| 
| /* System header to define __stub macros and hopefully few prototypes,
|     which can conflict with char mkl_get_version_string (); below.
|     Prefer <limits.h> to <assert.h> if __STDC__ is defined, since
|     <limits.h> exists even on freestanding compilers.  */
| 
| #ifdef __STDC__
| # include <limits.h>
| #else
| # include <assert.h>
| #endif
| 
| #undef mkl_get_version_string
| 
| /* Override any gcc2 internal prototype to avoid an error.  */
| #ifdef __cplusplus
| extern "C"
| {
| #endif
| /* We use char because int might match the return type of a gcc2
|    builtin and then its argument prototype would still apply.  */
| char mkl_get_version_string ();
| /* The GNU C library defines this for functions which it implements
|     to always fail with ENOSYS.  Some functions are actually named
|     something starting with __ and the normal name is an alias.  */
| #if defined (__stub_mkl_get_version_string) || defined (__stub___mkl_get_version_string)
| choke me
| #else
| char (*f) () = mkl_get_version_string;
| #endif
| #ifdef __cplusplus
| }
| #endif
| 
| #ifdef F77_DUMMY_MAIN
| 
| #  ifdef __cplusplus
|      extern "C"
| #  endif
|    int F77_DUMMY_MAIN() { return 1; }
| 
| #endif
| int
| main ()
| {
| return f != mkl_get_version_string;
|   ;
|   return 0;
| }
configure:36424: result: no
configure:36838: checking for MPI_Initialized
configure:36903: clang++ -o conftest -O3 -pipe -DNDEBUG -Wparentheses -Wreturn-type -Wcast-qual -Wall -Wpointer-arith -Wwrite-strings -Wconversion -Wno-unknown-pragmas -Wno-long-long   -DIPOPT_BUILD   conftest.cc  >&5
Undefined symbols for architecture x86_64:
  "_MPI_Initialized", referenced from:
      _main in conftest-5e8cb9.o
      _f in conftest-5e8cb9.o
ld: symbol(s) not found for architecture x86_64
clang: error: linker command failed with exit code 1 (use -v to see invocation)
configure:36909: $? = 1
configure: failed program was:
| /* confdefs.h.  */
| 
| #define PACKAGE_NAME "Ipopt"
| #define PACKAGE_TARNAME "ipopt"
| #define PACKAGE_VERSION "3.12.6"
| #define PACKAGE_STRING "Ipopt 3.12.6"
| #define PACKAGE_BUGREPORT "http://projects.coin-or.org/Ipopt/newticket"
| #define IPOPT_VERSION "3.12.6"
| #define IPOPT_VERSION_MAJOR 3
| #define IPOPT_VERSION_MINOR 12
| #define IPOPT_VERSION_RELEASE 6
| #define COIN_IPOPT_VERBOSITY 0
| #define COIN_IPOPT_CHECKLEVEL 0
| #ifdef __cplusplus
| extern "C" void exit (int);
| #endif
| #define F77_FUNC(name,NAME) name ## _
| #define F77_FUNC_(name,NAME) name ## _
| #define PACKAGE "ipopt"
| #define VERSION "3.12.6"
| #define STDC_HEADERS 1
| #define HAVE_SYS_TYPES_H 1
| #define HAVE_SYS_STAT_H 1
| #define HAVE_STDLIB_H 1
| #define HAVE_STRING_H 1
| #define HAVE_MEMORY_H 1
| #define HAVE_STRINGS_H 1
| #define HAVE_INTTYPES_H 1
| #define HAVE_STDINT_H 1
| #define HAVE_UNISTD_H 1
| #define HAVE_DLFCN_H 1
| #define COIN_HAS_BLAS 1
| #define COIN_HAS_LAPACK 1
| #define COIN_HAS_ASL 1
| #define COIN_HAS_HSL 1
| #define COIN_HAS_MUMPS 1
| #define SIZEOF_INT_P 8
| #define HAVE_CMATH 1
| #define HAVE_CCTYPE 1
| #define HAVE_CASSERT 1
| #define HAVE_CSTDIO 1
| #define HAVE_CSTDLIB 1
| #define HAVE_CSTDARG 1
| #define HAVE_CSTRING 1
| #define HAVE_CFLOAT 1
| #define HAVE_CTIME 1
| #define HAVE_CSTDDEF 1
| #define HAVE_CMATH 1
| #define HAVE_CFLOAT 1
| #define COIN_C_FINITE finite
| #define HAVE_VA_COPY 1
| #define HAVE_DRAND48 1
| #define HAVE_RAND 1
| #define HAVE_STD__RAND 1
| /* end confdefs.h.  */
| /* Define MPI_Initialized to an innocuous variant, in case <limits.h> declares MPI_Initialized.
|    For example, HP-UX 11i <limits.h> declares gettimeofday.  */
| #define MPI_Initialized innocuous_MPI_Initialized
| 
| /* System header to define __stub macros and hopefully few prototypes,
|     which can conflict with char MPI_Initialized (); below.
|     Prefer <limits.h> to <assert.h> if __STDC__ is defined, since
|     <limits.h> exists even on freestanding compilers.  */
| 
| #ifdef __STDC__
| # include <limits.h>
| #else
| # include <assert.h>
| #endif
| 
| #undef MPI_Initialized
| 
| /* Override any gcc2 internal prototype to avoid an error.  */
| #ifdef __cplusplus
| extern "C"
| {
| #endif
| /* We use char because int might match the return type of a gcc2
|    builtin and then its argument prototype would still apply.  */
| char MPI_Initialized ();
| /* The GNU C library defines this for functions which it implements
|     to always fail with ENOSYS.  Some functions are actually named
|     something starting with __ and the normal name is an alias.  */
| #if defined (__stub_MPI_Initialized) || defined (__stub___MPI_Initialized)
| choke me
| #else
| char (*f) () = MPI_Initialized;
| #endif
| #ifdef __cplusplus
| }
| #endif
| 
| #ifdef F77_DUMMY_MAIN
| 
| #  ifdef __cplusplus
|      extern "C"
| #  endif
|    int F77_DUMMY_MAIN() { return 1; }
| 
| #endif
| int
| main ()
| {
| return f != MPI_Initialized;
|   ;
|   return 0;
| }
configure:36934: result: no
configure:37118: checking whether this is a VPATH configuration
configure:37125: result: no
configure:37147: checking for matlab installation
configure:37208: result: no
configure:37415: checking whether the linear solver loader should be compiled
configure:37417: result: yes
configure:37499: checking windows.h usability
configure:37511: clang -c -O3 -pipe -DNDEBUG -Wimplicit -Wparentheses -Wsequence-point -Wreturn-type -Wcast-qual -Wall -Wno-unknown-pragmas -Wno-long-long   -DIPOPT_BUILD  conftest.c >&5
conftest.c:92:10: fatal error: 'windows.h' file not found
#include <windows.h>
         ^
1 error generated.
configure:37517: $? = 1
configure: failed program was:
| /* confdefs.h.  */
| 
| #define PACKAGE_NAME "Ipopt"
| #define PACKAGE_TARNAME "ipopt"
| #define PACKAGE_VERSION "3.12.6"
| #define PACKAGE_STRING "Ipopt 3.12.6"
| #define PACKAGE_BUGREPORT "http://projects.coin-or.org/Ipopt/newticket"
| #define IPOPT_VERSION "3.12.6"
| #define IPOPT_VERSION_MAJOR 3
| #define IPOPT_VERSION_MINOR 12
| #define IPOPT_VERSION_RELEASE 6
| #define COIN_IPOPT_VERBOSITY 0
| #define COIN_IPOPT_CHECKLEVEL 0
| #ifdef __cplusplus
| extern "C" void exit (int);
| #endif
| #define F77_FUNC(name,NAME) name ## _
| #define F77_FUNC_(name,NAME) name ## _
| #define PACKAGE "ipopt"
| #define VERSION "3.12.6"
| #define STDC_HEADERS 1
| #define HAVE_SYS_TYPES_H 1
| #define HAVE_SYS_STAT_H 1
| #define HAVE_STDLIB_H 1
| #define HAVE_STRING_H 1
| #define HAVE_MEMORY_H 1
| #define HAVE_STRINGS_H 1
| #define HAVE_INTTYPES_H 1
| #define HAVE_STDINT_H 1
| #define HAVE_UNISTD_H 1
| #define HAVE_DLFCN_H 1
| #define COIN_HAS_BLAS 1
| #define COIN_HAS_LAPACK 1
| #define COIN_HAS_ASL 1
| #define COIN_HAS_HSL 1
| #define COIN_HAS_MUMPS 1
| #define SIZEOF_INT_P 8
| #define HAVE_CMATH 1
| #define HAVE_CCTYPE 1
| #define HAVE_CASSERT 1
| #define HAVE_CSTDIO 1
| #define HAVE_CSTDLIB 1
| #define HAVE_CSTDARG 1
| #define HAVE_CSTRING 1
| #define HAVE_CFLOAT 1
| #define HAVE_CTIME 1
| #define HAVE_CSTDDEF 1
| #define HAVE_CMATH 1
| #define HAVE_CFLOAT 1
| #define COIN_C_FINITE finite
| #define HAVE_VA_COPY 1
| #define HAVE_DRAND48 1
| #define HAVE_RAND 1
| #define HAVE_STD__RAND 1
| #define FORTRAN_INTEGER_TYPE int
| #define HAVE_LINEARSOLVERLOADER 1
| /* end confdefs.h.  */
| #include <stdio.h>
| #if HAVE_SYS_TYPES_H
| # include <sys/types.h>
| #endif
| #if HAVE_SYS_STAT_H
| # include <sys/stat.h>
| #endif
| #if STDC_HEADERS
| # include <stdlib.h>
| # include <stddef.h>
| #else
| # if HAVE_STDLIB_H
| #  include <stdlib.h>
| # endif
| #endif
| #if HAVE_STRING_H
| # if !STDC_HEADERS && HAVE_MEMORY_H
| #  include <memory.h>
| # endif
| # include <string.h>
| #endif
| #if HAVE_STRINGS_H
| # include <strings.h>
| #endif
| #if HAVE_INTTYPES_H
| # include <inttypes.h>
| #else
| # if HAVE_STDINT_H
| #  include <stdint.h>
| # endif
| #endif
| #if HAVE_UNISTD_H
| # include <unistd.h>
| #endif
| #include <windows.h>
configure:37540: result: no
configure:37544: checking windows.h presence
configure:37554: clang -E  conftest.c
conftest.c:58:10: fatal error: 'windows.h' file not found
#include <windows.h>
         ^
1 error generated.
configure:37560: $? = 1
configure: failed program was:
| /* confdefs.h.  */
| 
| #define PACKAGE_NAME "Ipopt"
| #define PACKAGE_TARNAME "ipopt"
| #define PACKAGE_VERSION "3.12.6"
| #define PACKAGE_STRING "Ipopt 3.12.6"
| #define PACKAGE_BUGREPORT "http://projects.coin-or.org/Ipopt/newticket"
| #define IPOPT_VERSION "3.12.6"
| #define IPOPT_VERSION_MAJOR 3
| #define IPOPT_VERSION_MINOR 12
| #define IPOPT_VERSION_RELEASE 6
| #define COIN_IPOPT_VERBOSITY 0
| #define COIN_IPOPT_CHECKLEVEL 0
| #ifdef __cplusplus
| extern "C" void exit (int);
| #endif
| #define F77_FUNC(name,NAME) name ## _
| #define F77_FUNC_(name,NAME) name ## _
| #define PACKAGE "ipopt"
| #define VERSION "3.12.6"
| #define STDC_HEADERS 1
| #define HAVE_SYS_TYPES_H 1
| #define HAVE_SYS_STAT_H 1
| #define HAVE_STDLIB_H 1
| #define HAVE_STRING_H 1
| #define HAVE_MEMORY_H 1
| #define HAVE_STRINGS_H 1
| #define HAVE_INTTYPES_H 1
| #define HAVE_STDINT_H 1
| #define HAVE_UNISTD_H 1
| #define HAVE_DLFCN_H 1
| #define COIN_HAS_BLAS 1
| #define COIN_HAS_LAPACK 1
| #define COIN_HAS_ASL 1
| #define COIN_HAS_HSL 1
| #define COIN_HAS_MUMPS 1
| #define SIZEOF_INT_P 8
| #define HAVE_CMATH 1
| #define HAVE_CCTYPE 1
| #define HAVE_CASSERT 1
| #define HAVE_CSTDIO 1
| #define HAVE_CSTDLIB 1
| #define HAVE_CSTDARG 1
| #define HAVE_CSTRING 1
| #define HAVE_CFLOAT 1
| #define HAVE_CTIME 1
| #define HAVE_CSTDDEF 1
| #define HAVE_CMATH 1
| #define HAVE_CFLOAT 1
| #define COIN_C_FINITE finite
| #define HAVE_VA_COPY 1
| #define HAVE_DRAND48 1
| #define HAVE_RAND 1
| #define HAVE_STD__RAND 1
| #define FORTRAN_INTEGER_TYPE int
| #define HAVE_LINEARSOLVERLOADER 1
| /* end confdefs.h.  */
| #include <windows.h>
configure:37580: result: no
configure:37615: checking for windows.h
configure:37622: result: no
configure:37656: checking dlfcn.h usability
configure:37668: clang -c -O3 -pipe -DNDEBUG -Wimplicit -Wparentheses -Wsequence-point -Wreturn-type -Wcast-qual -Wall -Wno-unknown-pragmas -Wno-long-long   -DIPOPT_BUILD  conftest.c >&5
configure:37674: $? = 0
configure:37678: test -z 
			 || test ! -s conftest.err
configure:37681: $? = 0
configure:37684: test -s conftest.o
configure:37687: $? = 0
configure:37697: result: yes
configure:37701: checking dlfcn.h presence
configure:37711: clang -E  conftest.c
configure:37717: $? = 0
configure:37737: result: yes
configure:37772: checking for dlfcn.h
configure:37779: result: yes
configure:37793: checking for dlopen in -ldl
configure:37831: clang -o conftest -O3 -pipe -DNDEBUG -Wimplicit -Wparentheses -Wsequence-point -Wreturn-type -Wcast-qual -Wall -Wno-unknown-pragmas -Wno-long-long   -DIPOPT_BUILD   conftest.c -ldl   >&5
configure:37837: $? = 0
configure:37841: test -z 
			 || test ! -s conftest.err
configure:37844: $? = 0
configure:37847: test -s conftest
configure:37850: $? = 0
configure:37863: result: yes
configure:37905: checking for snprintf
configure:37970: clang -o conftest -O3 -pipe -DNDEBUG -Wimplicit -Wparentheses -Wsequence-point -Wreturn-type -Wcast-qual -Wall -Wno-unknown-pragmas -Wno-long-long   -DIPOPT_BUILD   conftest.c  >&5
conftest.c:84:6: warning: incompatible redeclaration of library function 'snprintf' [-Wincompatible-library-redeclaration]
char snprintf ();
     ^
conftest.c:84:6: note: 'snprintf' is a builtin with type 'int (char *, unsigned long, const char *, ...)'
1 warning generated.
configure:37976: $? = 0
configure:37980: test -z 
			 || test ! -s conftest.err
configure:37983: $? = 0
configure:37986: test -s conftest
configure:37989: $? = 0
configure:38001: result: yes
configure:38016: checking for vsnprintf
configure:38081: clang -o conftest -O3 -pipe -DNDEBUG -Wimplicit -Wparentheses -Wsequence-point -Wreturn-type -Wcast-qual -Wall -Wno-unknown-pragmas -Wno-long-long   -DIPOPT_BUILD   conftest.c  >&5
conftest.c:85:6: warning: incompatible redeclaration of library function 'vsnprintf' [-Wincompatible-library-redeclaration]
char vsnprintf ();
     ^
conftest.c:85:6: note: 'vsnprintf' is a builtin with type 'int (char *, unsigned long, const char *, struct __va_list_tag *)'
1 warning generated.
configure:38087: $? = 0
configure:38091: test -z 
			 || test ! -s conftest.err
configure:38094: $? = 0
configure:38097: test -s conftest
configure:38100: $? = 0
configure:38112: result: yes
configure:38928: checking which command should be used to link input files
configure:38936: result: ln -s
configure:39333: creating ./config.status

## ---------------------- ##
## Running config.status. ##
## ---------------------- ##

This file was extended by Ipopt config.status 3.12.6, which was
generated by GNU Autoconf 2.59.  Invocation command line was

  CONFIG_FILES    = 
  CONFIG_HEADERS  = 
  CONFIG_LINKS    = 
  CONFIG_COMMANDS = 
  $ ./config.status 

on 185-250.priv23.nus.edu.sg

config.status:937: creating Makefile
config.status:937: creating src/Common/Makefile
config.status:937: creating src/LinAlg/Makefile
config.status:937: creating src/LinAlg/TMatrices/Makefile
config.status:937: creating src/Interfaces/Makefile
config.status:937: creating src/Algorithm/Makefile
config.status:937: creating src/Algorithm/LinearSolvers/Makefile
config.status:937: creating src/Algorithm/Inexact/Makefile
config.status:937: creating src/contrib/CGPenalty/Makefile
config.status:937: creating src/contrib/LinearSolverLoader/Makefile
config.status:937: creating src/Apps/Makefile
config.status:937: creating src/Apps/AmplSolver/Makefile
config.status:937: creating src/Apps/CUTErInterface/Makefile
config.status:937: creating examples/hs071_f/Makefile
config.status:937: creating examples/hs071_f/hs071_f.f
config.status:937: creating examples/Cpp_example/Makefile
config.status:937: creating examples/hs071_cpp/Makefile
config.status:937: creating examples/hs071_c/Makefile
config.status:937: creating examples/ScalableProblems/Makefile
config.status:937: creating tutorial/CodingExercise/C/1-skeleton/Makefile
config.status:937: creating tutorial/CodingExercise/C/2-mistake/Makefile
config.status:937: creating tutorial/CodingExercise/C/3-solution/Makefile
config.status:937: creating tutorial/CodingExercise/Cpp/1-skeleton/Makefile
config.status:937: creating tutorial/CodingExercise/Cpp/2-mistake/Makefile
config.status:937: creating tutorial/CodingExercise/Cpp/3-solution/Makefile
config.status:937: creating tutorial/CodingExercise/Matlab/1-skeleton/startup.m
config.status:937: creating tutorial/CodingExercise/Matlab/2-mistake/startup.m
config.status:937: creating tutorial/CodingExercise/Matlab/3-solution/startup.m
config.status:937: creating tutorial/CodingExercise/Fortran/1-skeleton/TutorialFortran.f
config.status:937: creating tutorial/CodingExercise/Fortran/2-mistake/TutorialFortran.f
config.status:937: creating tutorial/CodingExercise/Fortran/3-solution/TutorialFortran.f
config.status:937: creating tutorial/CodingExercise/Fortran/1-skeleton/Makefile
config.status:937: creating tutorial/CodingExercise/Fortran/2-mistake/Makefile
config.status:937: creating tutorial/CodingExercise/Fortran/3-solution/Makefile
config.status:937: creating test/Makefile
config.status:937: creating test/run_unitTests
config.status:937: creating contrib/MatlabInterface/src/Makefile
config.status:937: creating contrib/MatlabInterface/examples/startup.m
config.status:937: creating contrib/JavaInterface/Makefile
config.status:937: creating contrib/sIPOPT/Makefile
config.status:937: creating contrib/sIPOPT/AmplSolver/Makefile
config.status:937: creating contrib/sIPOPT/examples/parametric_cpp/Makefile
config.status:937: creating contrib/sIPOPT/examples/parametric_dsdp_cpp/Makefile
config.status:937: creating contrib/sIPOPT/examples/redhess_cpp/Makefile
config.status:937: creating contrib/sIPOPT/src/Makefile
config.status:937: creating ipopt.pc
config.status:937: creating ipopt-uninstalled.pc
config.status:937: creating doxydoc/doxygen.conf
config.status:937: creating contrib/RInterface/src/Makevars
config.status:937: creating ipoptamplinterface.pc
config.status:937: creating ipoptamplinterface-uninstalled.pc
config.status:1041: creating src/Common/config.h
config.status:1041: creating src/Common/config_ipopt.h
config.status:1041: creating examples/ScalableProblems/config.h
config.status:1320: linking ./examples/hs071_cpp/hs071_main.cpp to test/hs071_main.cpp
config.status:1320: linking ./examples/hs071_cpp/hs071_nlp.cpp to test/hs071_nlp.cpp
config.status:1320: linking ./examples/hs071_cpp/hs071_nlp.hpp to test/hs071_nlp.hpp
config.status:1320: linking ./examples/hs071_c/hs071_c.c to test/hs071_c.c
config.status:1557: executing depfiles commands
configure:41058: In case of trouble, first consult the troubleshooting page at https://projects.coin-or.org/BuildTools/wiki/user-troubleshooting
configure:41061: Configuration of Ipopt successful

## ---------------- ##
## Cache variables. ##
## ---------------- ##

ac_cv_build=i386-apple-darwin15.6.0
ac_cv_build_alias=i386-apple-darwin15.6.0
ac_cv_c_compiler_gnu=yes
ac_cv_cxx_compiler_gnu=yes
ac_cv_env_ADD_CFLAGS_set=
ac_cv_env_ADD_CFLAGS_value=
ac_cv_env_ADD_CXXFLAGS_set=
ac_cv_env_ADD_CXXFLAGS_value=
ac_cv_env_ADD_FFLAGS_set=
ac_cv_env_ADD_FFLAGS_value=
ac_cv_env_CC_set=
ac_cv_env_CC_value=
ac_cv_env_CDEFS_set=
ac_cv_env_CDEFS_value=
ac_cv_env_CFLAGS_set=
ac_cv_env_CFLAGS_value=
ac_cv_env_CPPFLAGS_set=
ac_cv_env_CPPFLAGS_value=
ac_cv_env_CPP_set=
ac_cv_env_CPP_value=
ac_cv_env_CXXAR_set=
ac_cv_env_CXXAR_value=
ac_cv_env_CXXCPP_set=
ac_cv_env_CXXCPP_value=
ac_cv_env_CXXDEFS_set=
ac_cv_env_CXXDEFS_value=
ac_cv_env_CXXFLAGS_set=
ac_cv_env_CXXFLAGS_value=
ac_cv_env_CXXLIBS_set=
ac_cv_env_CXXLIBS_value=
ac_cv_env_CXX_set=
ac_cv_env_CXX_value=
ac_cv_env_DBG_CFLAGS_set=
ac_cv_env_DBG_CFLAGS_value=
ac_cv_env_DBG_CXXFLAGS_set=
ac_cv_env_DBG_CXXFLAGS_value=
ac_cv_env_DBG_FFLAGS_set=
ac_cv_env_DBG_FFLAGS_value=
ac_cv_env_F77_set=
ac_cv_env_F77_value=
ac_cv_env_FFLAGS_set=
ac_cv_env_FFLAGS_value=
ac_cv_env_LDFLAGS_set=
ac_cv_env_LDFLAGS_value=
ac_cv_env_MPICC_set=
ac_cv_env_MPICC_value=
ac_cv_env_MPICXX_set=
ac_cv_env_MPICXX_value=
ac_cv_env_MPIF77_set=
ac_cv_env_MPIF77_value=
ac_cv_env_OPT_CFLAGS_set=
ac_cv_env_OPT_CFLAGS_value=
ac_cv_env_OPT_CXXFLAGS_set=
ac_cv_env_OPT_CXXFLAGS_value=
ac_cv_env_OPT_FFLAGS_set=
ac_cv_env_OPT_FFLAGS_value=
ac_cv_env_PKG_CONFIG_set=
ac_cv_env_PKG_CONFIG_value=
ac_cv_env_build_alias_set=
ac_cv_env_build_alias_value=
ac_cv_env_host_alias_set=
ac_cv_env_host_alias_value=
ac_cv_env_target_alias_set=
ac_cv_env_target_alias_value=
ac_cv_exeext=
ac_cv_f77_compiler_gnu=yes
ac_cv_f77_dummy_main=none
ac_cv_f77_libs=' -L/usr/local/Cellar/gcc/6.3.0_1/lib/gcc/6/gcc/x86_64-apple-darwin15.6.0/6.3.0 -L/usr/local/Cellar/gcc/6.3.0_1/lib/gcc/6/gcc/x86_64-apple-darwin15.6.0/6.3.0/../../.. -lgfortran -lSystem -lquadmath -lm'
ac_cv_f77_mangling='lower case, underscore, no extra underscore'
ac_cv_fortran_dummy_main=none
ac_cv_func_MPI_Initialized=no
ac_cv_func_mkl_get_version_string=no
ac_cv_func_snprintf=yes
ac_cv_func_vsnprintf=yes
ac_cv_have_decl_drand48=yes
ac_cv_have_decl_finite=yes
ac_cv_have_decl_isfinite=no
ac_cv_have_decl_rand=yes
ac_cv_have_decl_srand=yes
ac_cv_have_decl_va_copy=yes
ac_cv_header_cassert=yes
ac_cv_header_cctype=yes
ac_cv_header_cfloat=yes
ac_cv_header_cieeefp=no
ac_cv_header_cmath=yes
ac_cv_header_cstdarg=yes
ac_cv_header_cstddef=yes
ac_cv_header_cstdio=yes
ac_cv_header_cstdlib=yes
ac_cv_header_cstring=yes
ac_cv_header_ctime=yes
ac_cv_header_dlfcn_h=yes
ac_cv_header_ieeefp_h=no
ac_cv_header_windows_h=no
ac_cv_lib_dl_dlopen=yes
ac_cv_objext=o
ac_cv_path_install='/usr/bin/install -c'
ac_cv_prog_AWK=awk
ac_cv_prog_ac_ct_CC=clang
ac_cv_prog_ac_ct_CXX=clang++
ac_cv_prog_ac_ct_F77=gfortran
ac_cv_prog_ac_ct_PKG_CONFIG=pkg-config
ac_cv_prog_cc_g=yes
ac_cv_prog_cc_stdc=
ac_cv_prog_coin_doxy_usedot=NO
ac_cv_prog_coin_have_doxygen=no
ac_cv_prog_coin_have_latex=no
ac_cv_prog_cxx_g=yes
ac_cv_prog_egrep='grep -E'
ac_cv_prog_f77_g=yes
ac_cv_prog_f77_v=-v
ac_cv_prog_have_svnversion=yes
ac_cv_prog_make_make_set=yes
ac_cv_sizeof_int_p=8
ac_cv_type_int_p=yes
am_cv_CC_dependencies_compiler_type=gcc3
am_cv_CXX_dependencies_compiler_type=gcc3

## ----------------- ##
## Output variables. ##
## ----------------- ##

ABSBUILDDIR='/Users/yukai/Documents/Capstone/c3toc4_models-new/CoinIpopt/Ipopt'
ACLOCAL='${SHELL} /Users/yukai/Documents/Capstone/c3toc4_models-new/CoinIpopt/Ipopt/missing --run aclocal-1.9'
ADD_CFLAGS=''
ADD_CXXFLAGS=''
ADD_FFLAGS=''
AIX_FIX_COMPILER_BUG_FALSE=''
AIX_FIX_COMPILER_BUG_TRUE='#'
ALWAYS_FALSE_FALSE=''
ALWAYS_FALSE_TRUE='#'
AMDEPBACKSLASH='\'
AMDEP_FALSE='#'
AMDEP_TRUE=''
AMTAR='${SHELL} /Users/yukai/Documents/Capstone/c3toc4_models-new/CoinIpopt/Ipopt/missing --run tar'
AR='ar'
ASL_CFLAGS='-I/Users/yukai/Documents/Capstone/c3toc4_models-new/CoinIpopt/ThirdParty/ASL -I/Users/yukai/Documents/Capstone/c3toc4_models-new/CoinIpopt/ThirdParty/ASL/solvers'
ASL_CFLAGS_INSTALLED=''
ASL_DATA=''
ASL_DATA_INSTALLED=''
ASL_DEPENDENCIES=' /Users/yukai/Documents/Capstone/c3toc4_models-new/CoinIpopt/ThirdParty/ASL/libcoinasl.la'
ASL_LIBS='/Users/yukai/Documents/Capstone/c3toc4_models-new/CoinIpopt/ThirdParty/ASL/libcoinasl.la -lm -ldl'
ASL_LIBS_INSTALLED=''
ASTYLE='astyle'
ASTYLEFLAGS='--mode=c --indent=spaces=2 --indent-cases --indent-namespaces --min-conditional-indent=1 --brackets=linux --brackets=break-closing --convert-tabs'
AUTOCONF='${SHELL} /Users/yukai/Documents/Capstone/c3toc4_models-new/CoinIpopt/Ipopt/missing --run autoconf'
AUTOHEADER='${SHELL} /Users/yukai/Documents/Capstone/c3toc4_models-new/CoinIpopt/Ipopt/missing --run autoheader'
AUTOMAKE='${SHELL} /Users/yukai/Documents/Capstone/c3toc4_models-new/CoinIpopt/Ipopt/missing --run automake-1.9'
AUX_DIR=''
AWK='awk'
BIT32FCOMMENT='C'
BIT64FCOMMENT=''
BITS_PER_POINTER='64'
BLAS_CFLAGS=''
BLAS_CFLAGS_INSTALLED=''
BLAS_DATA=''
BLAS_DATA_INSTALLED=''
BLAS_DEPENDENCIES=''
BLAS_LIBS='-framework Accelerate'
BLAS_LIBS_INSTALLED=''
BLUEGENEEXTRA='echo'
BUILDTOOLSDIR=''
BUILD_INEXACT_FALSE=''
BUILD_INEXACT_TRUE='#'
BUILD_LINEARSOLVERLOADER_FALSE='#'
BUILD_LINEARSOLVERLOADER_TRUE=''
BUILD_PARDISOLOADER_FALSE='#'
BUILD_PARDISOLOADER_TRUE=''
CC='clang'
CCDEPMODE='depmode=gcc3'
CDEFS=''
CFLAGS='-O3 -pipe -DNDEBUG -Wimplicit -Wparentheses -Wsequence-point -Wreturn-type -Wcast-qual -Wall -Wno-unknown-pragmas -Wno-long-long   -DIPOPT_BUILD'
COIN_CC_IS_CL_FALSE=''
COIN_CC_IS_CL_TRUE='#'
COIN_CXX_IS_CL_FALSE=''
COIN_CXX_IS_CL_TRUE='#'
COIN_HAS_ASL_FALSE='#'
COIN_HAS_ASL_TRUE=''
COIN_HAS_BLAS_FALSE='#'
COIN_HAS_BLAS_TRUE=''
COIN_HAS_DOXYGEN_FALSE=''
COIN_HAS_DOXYGEN_TRUE='#'
COIN_HAS_F77_FALSE='#'
COIN_HAS_F77_TRUE=''
COIN_HAS_HSL_FALSE='#'
COIN_HAS_HSL_TRUE=''
COIN_HAS_LAPACK_FALSE='#'
COIN_HAS_LAPACK_TRUE=''
COIN_HAS_LATEX_FALSE=''
COIN_HAS_LATEX_TRUE='#'
COIN_HAS_MUMPS_FALSE='#'
COIN_HAS_MUMPS_TRUE=''
COIN_HAS_PKGCONFIG_FALSE='#'
COIN_HAS_PKGCONFIG_TRUE=''
COIN_PKG_CONFIG_PATH='/Users/yukai/Documents/Capstone/c3toc4_models-new/CoinIpopt/lib64/pkgconfig:/Users/yukai/Documents/Capstone/c3toc4_models-new/CoinIpopt/lib/pkgconfig:/Users/yukai/Documents/Capstone/c3toc4_models-new/CoinIpopt/share/pkgconfig:'
COIN_PKG_CONFIG_PATH_UNINSTALLED='/Users/yukai/Documents/Capstone/c3toc4_models-new/CoinIpopt/Ipopt:/Users/yukai/Documents/Capstone/c3toc4_models-new/CoinIpopt/ThirdParty/Mumps:/Users/yukai/Documents/Capstone/c3toc4_models-new/CoinIpopt/ThirdParty/HSL:/Users/yukai/Documents/Capstone/c3toc4_models-new/CoinIpopt/ThirdParty/Lapack:/Users/yukai/Documents/Capstone/c3toc4_models-new/CoinIpopt/ThirdParty/Blas:/Users/yukai/Documents/Capstone/c3toc4_models-new/CoinIpopt/ThirdParty/Metis:/Users/yukai/Documents/Capstone/c3toc4_models-new/CoinIpopt/ThirdParty/ASL:'
CPP='clang -E'
CPPFLAGS=''
CXX='clang++'
CXXAR='ar cru'
CXXCPP='clang++ -E'
CXXDEFS=''
CXXDEPMODE='depmode=gcc3'
CXXFLAGS='-O3 -pipe -DNDEBUG -Wparentheses -Wreturn-type -Wcast-qual -Wall -Wpointer-arith -Wwrite-strings -Wconversion -Wno-unknown-pragmas -Wno-long-long   -DIPOPT_BUILD'
CXXLIBS='-lc++'
CYGPATH_W='echo'
DBG_CFLAGS='-g -O0 -pipe -Wimplicit -Wparentheses -Wsequence-point -Wreturn-type -Wcast-qual -Wall -Wno-unknown-pragmas -Wno-long-long  '
DBG_CXXFLAGS='-g -O0 -pipe -Wparentheses -Wreturn-type -Wcast-qual -Wall -Wpointer-arith -Wwrite-strings -Wconversion -Wno-unknown-pragmas -Wno-long-long  '
DBG_FFLAGS='-g -O0 -pipe  '
DEFS='-DHAVE_CONFIG_H'
DEPDIR='.deps'
DEPENDENCY_LINKING_FALSE='#'
DEPENDENCY_LINKING_TRUE=''
ECHO='/bin/echo'
ECHO_C='ECHO_N=''
ECHO_T=''
EGREP='grep -E'
EXEEXT=''
F77='gfortran'
FFLAGS='-O3 -pipe  '
FLIBS=' -L/usr/local/Cellar/gcc/6.3.0_1/lib/gcc/6/gcc/x86_64-apple-darwin15.6.0/6.3.0 -L/usr/local/Cellar/gcc/6.3.0_1/lib/gcc/6/gcc/x86_64-apple-darwin15.6.0/6.3.0/../../.. -lgfortran -lSystem -lquadmath -lm'
FRAMEWORK_VECLIB=''
HAVE_EXTERNALS_FALSE=''
HAVE_EXTERNALS_TRUE='#'
HAVE_MA28_FALSE='#'
HAVE_MA28_TRUE=''
HAVE_PARDISO_FALSE=''
HAVE_PARDISO_TRUE='#'
HAVE_WSMP_FALSE=''
HAVE_WSMP_TRUE='#'
HSL_CFLAGS='-I/Users/yukai/Documents/Capstone/c3toc4_models-new/CoinIpopt/ThirdParty/HSL'
HSL_CFLAGS_INSTALLED=''
HSL_DATA=''
HSL_DATA_INSTALLED=''
HSL_DEPENDENCIES=' /Users/yukai/Documents/Capstone/c3toc4_models-new/CoinIpopt/ThirdParty/HSL/libcoinhsl.la'
HSL_LIBS='-L/usr/local/Cellar/gcc/6.3.0_1/lib/gcc/6/gcc/x86_64-apple-darwin15.6.0/6.3.0 -L/usr/local/Cellar/gcc/6.3.0_1/lib/gcc/6/gcc/x86_64-apple-darwin15.6.0/6.3.0/../../.. /Users/yukai/Documents/Capstone/c3toc4_models-new/CoinIpopt/ThirdParty/HSL/libcoinhsl.la -lgfortran -lSystem -lquadmath -lm'
HSL_LIBS_INSTALLED=''
INSTALL_DATA='${INSTALL} -m 644'
INSTALL_PROGRAM='${INSTALL}'
INSTALL_SCRIPT='${INSTALL}'
INSTALL_STRIP_PROGRAM='${SHELL} $(install_sh) -c -s'
IPALLLIBS='../contrib/LinearSolverLoader/libLinearSolverLoader.la ../contrib/CGPenalty/libcgpenalty.la ../Algorithm/libipoptalg.la ../Algorithm/LinearSolvers/liblinsolvers.la ../Common/libcommon.la ../LinAlg/liblinalg.la ../LinAlg/TMatrices/libtmatrices.la'
IPOPTAMPLINTERFACELIB_CFLAGS='-I/Users/yukai/Documents/Capstone/c3toc4_models-new/CoinIpopt/ThirdParty/ASL -I/Users/yukai/Documents/Capstone/c3toc4_models-new/CoinIpopt/ThirdParty/ASL/solvers '
IPOPTAMPLINTERFACELIB_CFLAGS_INSTALLED=''
IPOPTAMPLINTERFACELIB_DEPENDENCIES=' /Users/yukai/Documents/Capstone/c3toc4_models-new/CoinIpopt/ThirdParty/ASL/libcoinasl.la  '
IPOPTAMPLINTERFACELIB_LIBS='/Users/yukai/Documents/Capstone/c3toc4_models-new/CoinIpopt/ThirdParty/ASL/libcoinasl.la -lm -ldl '
IPOPTAMPLINTERFACELIB_LIBS_INSTALLED=''
IPOPTAMPLINTERFACELIB_PCLIBS=''
IPOPTAMPLINTERFACELIB_PCREQUIRES='coinasl '
IPOPTLIB_CFLAGS='-I/Users/yukai/Documents/Capstone/c3toc4_models-new/CoinIpopt/ThirdParty/Mumps/MUMPS/libseq -I/Users/yukai/Documents/Capstone/c3toc4_models-new/CoinIpopt/ThirdParty/Mumps/MUMPS/include -I/Users/yukai/Documents/Capstone/c3toc4_models-new/CoinIpopt/ThirdParty/Metis/metis-4.0/Lib -I/Users/yukai/Documents/Capstone/c3toc4_models-new/CoinIpopt/ThirdParty/HSL '
IPOPTLIB_CFLAGS_INSTALLED=''
IPOPTLIB_DEPENDENCIES=' /Users/yukai/Documents/Capstone/c3toc4_models-new/CoinIpopt/ThirdParty/Mumps/libcoinmumps.la /Users/yukai/Documents/Capstone/c3toc4_models-new/CoinIpopt/ThirdParty/Metis/libcoinmetis.la /Users/yukai/Documents/Capstone/c3toc4_models-new/CoinIpopt/ThirdParty/HSL/libcoinhsl.la  '
IPOPTLIB_LIBS='-L/usr/local/Cellar/gcc/6.3.0_1/lib/gcc/6/gcc/x86_64-apple-darwin15.6.0/6.3.0 -L/usr/local/Cellar/gcc/6.3.0_1/lib/gcc/6/gcc/x86_64-apple-darwin15.6.0/6.3.0/../../.. /Users/yukai/Documents/Capstone/c3toc4_models-new/CoinIpopt/ThirdParty/Mumps/libcoinmumps.la -framework Accelerate -lgfortran -lSystem -lquadmath -lm /Users/yukai/Documents/Capstone/c3toc4_models-new/CoinIpopt/ThirdParty/Metis/libcoinmetis.la -L/usr/local/Cellar/gcc/6.3.0_1/lib/gcc/6/gcc/x86_64-apple-darwin15.6.0/6.3.0 -L/usr/local/Cellar/gcc/6.3.0_1/lib/gcc/6/gcc/x86_64-apple-darwin15.6.0/6.3.0/../../.. /Users/yukai/Documents/Capstone/c3toc4_models-new/CoinIpopt/ThirdParty/HSL/libcoinhsl.la -lgfortran -lSystem -lquadmath -lm -framework Accelerate -framework Accelerate -lm  -ldl'
IPOPTLIB_LIBS_INSTALLED='-framework Accelerate -framework Accelerate -lm  -ldl'
IPOPTLIB_PCLIBS='-framework Accelerate -framework Accelerate -lm  -ldl'
IPOPTLIB_PCREQUIRES='coinmumps coinhsl >= 1.3 '
IPOPT_SVN_REV=''
JAVA_HOME=''
JIPOPTDLL='libjipopt.so'
LAPACK_CFLAGS=''
LAPACK_CFLAGS_INSTALLED=''
LAPACK_DATA=''
LAPACK_DATA_INSTALLED=''
LAPACK_DEPENDENCIES=''
LAPACK_LIBS='-framework Accelerate'
LAPACK_LIBS_INSTALLED=''
LDFLAGS=''
LIBEXT='a'
LIBOBJS=''
LIBS=''
LIBTOOL='$(SHELL) $(top_builddir)/../libtool'
LIBTOOLM4=''
LN_S='ln -s'
LTLIBOBJS=''
LT_LDFLAGS='-no-undefined -version-info 11:6:10'
MAINT='#'
MAINTAINER_MODE_FALSE=''
MAINTAINER_MODE_TRUE='#'
MAKEINFO='${SHELL} /Users/yukai/Documents/Capstone/c3toc4_models-new/CoinIpopt/Ipopt/missing --run makeinfo'
MATLAB_CYGPATH_W='echo'
MATLAB_HOME=''
MEXSUFFIX=''
MEX_STATIC_FALSE=''
MEX_STATIC_TRUE='#'
MEX_WINDOWS_FALSE=''
MEX_WINDOWS_TRUE='#'
MPICC=''
MPICXX=''
MPIF77=''
MUMPS_CFLAGS='-I/Users/yukai/Documents/Capstone/c3toc4_models-new/CoinIpopt/ThirdParty/Mumps/MUMPS/libseq -I/Users/yukai/Documents/Capstone/c3toc4_models-new/CoinIpopt/ThirdParty/Mumps/MUMPS/include -I/Users/yukai/Documents/Capstone/c3toc4_models-new/CoinIpopt/ThirdParty/Metis/metis-4.0/Lib'
MUMPS_CFLAGS_INSTALLED=''
MUMPS_DATA=''
MUMPS_DATA_INSTALLED=''
MUMPS_DEPENDENCIES=' /Users/yukai/Documents/Capstone/c3toc4_models-new/CoinIpopt/ThirdParty/Mumps/libcoinmumps.la /Users/yukai/Documents/Capstone/c3toc4_models-new/CoinIpopt/ThirdParty/Metis/libcoinmetis.la'
MUMPS_LIBS='-L/usr/local/Cellar/gcc/6.3.0_1/lib/gcc/6/gcc/x86_64-apple-darwin15.6.0/6.3.0 -L/usr/local/Cellar/gcc/6.3.0_1/lib/gcc/6/gcc/x86_64-apple-darwin15.6.0/6.3.0/../../.. /Users/yukai/Documents/Capstone/c3toc4_models-new/CoinIpopt/ThirdParty/Mumps/libcoinmumps.la -framework Accelerate -lgfortran -lSystem -lquadmath -lm /Users/yukai/Documents/Capstone/c3toc4_models-new/CoinIpopt/ThirdParty/Metis/libcoinmetis.la'
MUMPS_LIBS_INSTALLED=''
MWMA57PATH=''
OBJEXT='o'
OPT_CFLAGS='-O3 -pipe -DNDEBUG -Wimplicit -Wparentheses -Wsequence-point -Wreturn-type -Wcast-qual -Wall -Wno-unknown-pragmas -Wno-long-long  '
OPT_CXXFLAGS='-O3 -pipe -DNDEBUG -Wparentheses -Wreturn-type -Wcast-qual -Wall -Wpointer-arith -Wwrite-strings -Wconversion -Wno-unknown-pragmas -Wno-long-long  '
OPT_FFLAGS='-O3 -pipe  '
PACKAGE='ipopt'
PACKAGE_BUGREPORT='http://projects.coin-or.org/Ipopt/newticket'
PACKAGE_NAME='Ipopt'
PACKAGE_STRING='Ipopt 3.12.6'
PACKAGE_TARNAME='ipopt'
PACKAGE_VERSION='3.12.6'
PATH_SEPARATOR=':'
PKG_CONFIG='pkg-config'
RANLIB='ranlib'
RPATH_FLAGS=''
SET_MAKE=''
SHARED_FLAGS='-shared'
SHELL='/bin/sh'
STRIP='strip'
VERSION='3.12.6'
VPATH_DISTCLEANFILES=''
abs_bin_dir='/Users/yukai/Documents/Capstone/c3toc4_models-new/CoinIpopt/bin'
abs_include_dir='/Users/yukai/Documents/Capstone/c3toc4_models-new/CoinIpopt/include'
abs_lib_dir='/Users/yukai/Documents/Capstone/c3toc4_models-new/CoinIpopt/lib'
abs_source_dir='/Users/yukai/Documents/Capstone/c3toc4_models-new/CoinIpopt/Ipopt'
ac_c_preproc_warn_flag=''
ac_ct_AR='ar'
ac_ct_CC='clang'
ac_ct_CXX='clang++'
ac_ct_F77='gfortran'
ac_ct_PKG_CONFIG='pkg-config'
ac_ct_RANLIB='ranlib'
ac_ct_STRIP='strip'
ac_cxx_preproc_warn_flag=''
am__fastdepCC_FALSE='#'
am__fastdepCC_TRUE=''
am__fastdepCXX_FALSE='#'
am__fastdepCXX_TRUE=''
am__include='include'
am__leading_dot='.'
am__quote=''
am__tar='${AMTAR} chof - "$$tardir"'
am__untar='${AMTAR} xf -'
bindir='${exec_prefix}/bin'
build='i386-apple-darwin15.6.0'
build_alias=''
build_cpu='i386'
build_os='darwin15.6.0'
build_vendor='apple'
coin_doxy_excludes=''
coin_doxy_logname='doxydoc/ipopt_doxy.log'
coin_doxy_tagfiles=''
coin_doxy_tagname='doxydoc/ipopt_doxy.tag'
coin_doxy_usedot='NO'
coin_have_doxygen='no'
coin_have_latex='no'
datadir='${prefix}/share'
exec_prefix='${prefix}'
have_autoconf=''
have_automake=''
have_svn=''
have_svnversion='yes'
host='i386-apple-darwin15.6.0'
host_alias=''
host_cpu='i386'
host_os='darwin15.6.0'
host_vendor='apple'
includedir='${prefix}/include'
infodir='${prefix}/info'
install_sh='/Users/yukai/Documents/Capstone/c3toc4_models-new/CoinIpopt/Ipopt/install-sh'
libdir='${exec_prefix}/lib'
libexecdir='${exec_prefix}/libexec'
localstatedir='${prefix}/var'
mandir='${prefix}/man'
mkdir_p='$(install_sh) -d'
oldincludedir='/usr/include'
prefix='/Users/yukai/Documents/Capstone/c3toc4_models-new/CoinIpopt'
program_transform_name='s,x,x,'
sbindir='${exec_prefix}/sbin'
sharedstatedir='${prefix}/com'
sol_cc_compiler=''
sysconfdir='${prefix}/etc'
target_alias=''

## ----------- ##
## confdefs.h. ##
## ----------- ##

#define COIN_C_FINITE finite
#define COIN_HAS_ASL 1
#define COIN_HAS_BLAS 1
#define COIN_HAS_HSL 1
#define COIN_HAS_LAPACK 1
#define COIN_HAS_MUMPS 1
#define COIN_IPOPT_CHECKLEVEL 0
#define COIN_IPOPT_VERBOSITY 0
#define F77_FUNC(name,NAME) name ## _
#define F77_FUNC_(name,NAME) name ## _
#define FORTRAN_INTEGER_TYPE int
#define HAVE_CASSERT 1
#define HAVE_CCTYPE 1
#define HAVE_CFLOAT 1
#define HAVE_CFLOAT 1
#define HAVE_CMATH 1
#define HAVE_CMATH 1
#define HAVE_CSTDARG 1
#define HAVE_CSTDDEF 1
#define HAVE_CSTDIO 1
#define HAVE_CSTDLIB 1
#define HAVE_CSTRING 1
#define HAVE_CTIME 1
#define HAVE_DLFCN_H 1
#define HAVE_DLFCN_H 1
#define HAVE_DRAND48 1
#define HAVE_INTTYPES_H 1
#define HAVE_LINEARSOLVERLOADER 1
#define HAVE_MEMORY_H 1
#define HAVE_RAND 1
#define HAVE_SNPRINTF 1
#define HAVE_STDINT_H 1
#define HAVE_STDLIB_H 1
#define HAVE_STD__RAND 1
#define HAVE_STRINGS_H 1
#define HAVE_STRING_H 1
#define HAVE_SYS_STAT_H 1
#define HAVE_SYS_TYPES_H 1
#define HAVE_UNISTD_H 1
#define HAVE_VA_COPY 1
#define HAVE_VSNPRINTF 1
#define IPOPT_VERSION "3.12.6"
#define IPOPT_VERSION_MAJOR 3
#define IPOPT_VERSION_MINOR 12
#define IPOPT_VERSION_RELEASE 6
#define PACKAGE "ipopt"
#define PACKAGE_BUGREPORT "http://projects.coin-or.org/Ipopt/newticket"
#define PACKAGE_NAME "Ipopt"
#define PACKAGE_STRING "Ipopt 3.12.6"
#define PACKAGE_TARNAME "ipopt"
#define PACKAGE_VERSION "3.12.6"
#define SHAREDLIBEXT "dylib"
#define SIZEOF_INT_P 8
#define STDC_HEADERS 1
#define VERSION "3.12.6"
#endif
#ifdef __cplusplus
extern "C" void exit (int);

configure: exit 0
